15:32:44.097-[DESKTOP-44TL0F9][sys]-- INFO 25548 --- [           main] com.zwnl.ports.PortsApplication          : The following 1 profile is active: "dev"
15:32:45.642-[DESKTOP-44TL0F9][sys]-- INFO 25548 --- [           main] .s.d.r.c.RepositoryConfigurationDelegate : Multiple Spring Data modules found, entering strict repository configuration mode
15:32:45.643-[DESKTOP-44TL0F9][sys]-- INFO 25548 --- [           main] .s.d.r.c.RepositoryConfigurationDelegate : Bootstrapping Spring Data MongoDB repositories in DEFAULT mode.
15:32:45.656-[DESKTOP-44TL0F9][sys]-- INFO 25548 --- [           main] .s.d.r.c.RepositoryConfigurationDelegate : Finished Spring Data repository scanning in 8 ms. Found 0 MongoDB repository interfaces.
15:32:45.665-[DESKTOP-44TL0F9][sys]-- INFO 25548 --- [           main] .s.d.r.c.RepositoryConfigurationDelegate : Multiple Spring Data modules found, entering strict repository configuration mode
15:32:45.666-[DESKTOP-44TL0F9][sys]-- INFO 25548 --- [           main] .s.d.r.c.RepositoryConfigurationDelegate : Bootstrapping Spring Data Redis repositories in DEFAULT mode.
15:32:45.677-[DESKTOP-44TL0F9][sys]-- INFO 25548 --- [           main] .s.d.r.c.RepositoryConfigurationDelegate : Finished Spring Data repository scanning in 3 ms. Found 0 Redis repository interfaces.
15:32:46.009-[DESKTOP-44TL0F9][sys]-- INFO 25548 --- [           main] o.s.cloud.context.scope.GenericScope     : BeanFactory id=2a307d8d-a62c-3d6f-8d19-01f3ba5cb956
15:32:46.588-[DESKTOP-44TL0F9][sys]-- INFO 25548 --- [           main] o.s.b.w.embedded.tomcat.TomcatWebServer  : Tomcat initialized with port(s): 9094 (http)
15:32:46.589-[DESKTOP-44TL0F9][sys]-- INFO 25548 --- [           main] o.a.catalina.core.AprLifecycleListener   : Loaded Apache Tomcat Native library [1.3.0] using APR version [1.7.4].
15:32:46.589-[DESKTOP-44TL0F9][sys]-- INFO 25548 --- [           main] o.a.catalina.core.AprLifecycleListener   : APR capabilities: IPv6 [true], sendfile [true], accept filters [false], random [true], UDS [true].
15:32:46.589-[DESKTOP-44TL0F9][sys]-- INFO 25548 --- [           main] o.a.catalina.core.AprLifecycleListener   : APR/OpenSSL configuration: useAprConnector [false], useOpenSSL [true]
15:32:46.593-[DESKTOP-44TL0F9][sys]-- INFO 25548 --- [           main] o.a.catalina.core.AprLifecycleListener   : OpenSSL successfully initialized [OpenSSL 3.0.13 30 Jan 2024]
15:32:46.602-[DESKTOP-44TL0F9][sys]-- INFO 25548 --- [           main] o.apache.catalina.core.StandardService   : Starting service [Tomcat]
15:32:46.602-[DESKTOP-44TL0F9][sys]-- INFO 25548 --- [           main] org.apache.catalina.core.StandardEngine  : Starting Servlet engine: [Apache Tomcat/9.0.65]
15:32:46.780-[DESKTOP-44TL0F9][sys]-- INFO 25548 --- [           main] o.a.c.c.C.[Tomcat].[localhost].[/]       : Initializing Spring embedded WebApplicationContext
15:32:46.781-[DESKTOP-44TL0F9][sys]-- INFO 25548 --- [           main] w.s.c.ServletWebServerApplicationContext : Root WebApplicationContext: initialization completed in 2653 ms
15:32:48.053-[DESKTOP-44TL0F9][sys]-- INFO 25548 --- [           main] com.alibaba.nacos.client.naming          : initializer namespace from System Property :null
15:32:48.054-[DESKTOP-44TL0F9][sys]-- INFO 25548 --- [           main] com.alibaba.nacos.client.naming          : initializer namespace from System Environment :null
15:32:48.055-[DESKTOP-44TL0F9][sys]-- INFO 25548 --- [           main] com.alibaba.nacos.client.naming          : initializer namespace from System Property :null
15:32:48.296-[DESKTOP-44TL0F9][sys]-- INFO 25548 --- [localhost:27017] org.mongodb.driver.cluster               : Exception in monitor thread while connecting to server localhost:27017
com.mongodb.MongoSocketOpenException: Exception opening socket
	at com.mongodb.internal.connection.SocketStream.open(SocketStream.java:70) ~[mongodb-driver-core-4.6.1.jar:na]
	at com.mongodb.internal.connection.InternalStreamConnection.open(InternalStreamConnection.java:180) ~[mongodb-driver-core-4.6.1.jar:na]
	at com.mongodb.internal.connection.DefaultServerMonitor$ServerMonitorRunnable.lookupServerDescription(DefaultServerMonitor.java:193) ~[mongodb-driver-core-4.6.1.jar:na]
	at com.mongodb.internal.connection.DefaultServerMonitor$ServerMonitorRunnable.run(DefaultServerMonitor.java:157) ~[mongodb-driver-core-4.6.1.jar:na]
	at java.base/java.lang.Thread.run(Thread.java:842) ~[na:na]
Caused by: java.net.ConnectException: Connection refused: no further information
	at java.base/sun.nio.ch.Net.pollConnect(Native Method) ~[na:na]
	at java.base/sun.nio.ch.Net.pollConnectNow(Net.java:672) ~[na:na]
	at java.base/sun.nio.ch.NioSocketImpl.timedFinishConnect(NioSocketImpl.java:547) ~[na:na]
	at java.base/sun.nio.ch.NioSocketImpl.connect(NioSocketImpl.java:602) ~[na:na]
	at java.base/java.net.SocksSocketImpl.connect(SocksSocketImpl.java:327) ~[na:na]
	at java.base/java.net.Socket.connect(Socket.java:633) ~[na:na]
	at com.mongodb.internal.connection.SocketStreamHelper.initialize(SocketStreamHelper.java:107) ~[mongodb-driver-core-4.6.1.jar:na]
	at com.mongodb.internal.connection.SocketStream.initializeSocket(SocketStream.java:79) ~[mongodb-driver-core-4.6.1.jar:na]
	at com.mongodb.internal.connection.SocketStream.open(SocketStream.java:65) ~[mongodb-driver-core-4.6.1.jar:na]
	... 4 common frames omitted
15:32:48.310-[DESKTOP-44TL0F9][sys]-- INFO 25548 --- [           main] org.mongodb.driver.client                : MongoClient with metadata {"driver": {"name": "mongo-java-driver|sync|spring-boot", "version": "4.6.1"}, "os": {"type": "Windows", "name": "Windows 11", "architecture": "amd64", "version": "10.0"}, "platform": "Java/Oracle Corporation/17.0.9+11-LTS-201"} created with settings MongoClientSettings{readPreference=primary, writeConcern=WriteConcern{w=null, wTimeout=null ms, journal=null}, retryWrites=true, retryReads=true, readConcern=ReadConcern{level=null}, credential=null, streamFactoryFactory=null, commandListeners=[io.micrometer.core.instrument.binder.mongodb.MongoMetricsCommandListener@4932d580], codecRegistry=ProvidersCodecRegistry{codecProviders=[ValueCodecProvider{}, BsonValueCodecProvider{}, DBRefCodecProvider{}, DBObjectCodecProvider{}, DocumentCodecProvider{}, IterableCodecProvider{}, MapCodecProvider{}, GeoJsonCodecProvider{}, GridFSFileCodecProvider{}, Jsr310CodecProvider{}, JsonObjectCodecProvider{}, BsonCodecProvider{}, EnumCodecProvider{}, com.mongodb.Jep395RecordCodecProvider@7603cfc2]}, clusterSettings={hosts=[localhost:27017], srvServiceName=mongodb, mode=SINGLE, requiredClusterType=UNKNOWN, requiredReplicaSetName='null', serverSelector='null', clusterListeners='[]', serverSelectionTimeout='30000 ms', localThreshold='30000 ms'}, socketSettings=SocketSettings{connectTimeoutMS=10000, readTimeoutMS=0, receiveBufferSize=0, sendBufferSize=0}, heartbeatSocketSettings=SocketSettings{connectTimeoutMS=10000, readTimeoutMS=10000, receiveBufferSize=0, sendBufferSize=0}, connectionPoolSettings=ConnectionPoolSettings{maxSize=100, minSize=0, maxWaitTimeMS=120000, maxConnectionLifeTimeMS=0, maxConnectionIdleTimeMS=0, maintenanceInitialDelayMS=0, maintenanceFrequencyMS=60000, connectionPoolListeners=[io.micrometer.core.instrument.binder.mongodb.MongoMetricsConnectionPoolListener@60256d1b], maxConnecting=2}, serverSettings=ServerSettings{heartbeatFrequencyMS=10000, minHeartbeatFrequencyMS=500, serverListeners='[]', serverMonitorListeners='[]'}, sslSettings=SslSettings{enabled=false, invalidHostNameAllowed=false, context=null}, applicationName='null', compressorList=[], uuidRepresentation=JAVA_LEGACY, serverApi=null, autoEncryptionSettings=null, contextProvider=null}
15:32:48.652-[DESKTOP-44TL0F9][sys]-- INFO 25548 --- [           main] o.s.b.a.e.web.EndpointLinksResolver      : Exposing 1 endpoint(s) beneath base path '/actuator'
15:32:50.846-[DESKTOP-44TL0F9][sys]-- INFO 25548 --- [           main] o.s.cloud.commons.util.InetUtils         : Cannot determine local hostname
15:32:50.905-[DESKTOP-44TL0F9][sys]-- WARN 25548 --- [           main] iguration$LoadBalancerCaffeineWarnLogger : Spring Cloud LoadBalancer is currently working with the default cache. While this cache implementation is useful for development and tests, it's recommended to use Caffeine cache in production.You can switch to using Caffeine cache, by adding it and org.springframework.cache.caffeine.CaffeineCacheManager to the classpath.
15:32:51.104-[DESKTOP-44TL0F9][sys]-- INFO 25548 --- [           main] o.s.b.w.embedded.tomcat.TomcatWebServer  : Tomcat started on port(s): 9094 (http) with context path ''
15:32:51.107-[DESKTOP-44TL0F9][sys]-- INFO 25548 --- [           main] com.alibaba.nacos.client.naming          : [BEAT] adding beat: BeatInfo{port=9094, ip='121.37.242.119', weight=1.0, serviceName='DEFAULT_GROUP@@ports-service', cluster='DEFAULT', metadata={preserved.register.source=SPRING_CLOUD}, scheduled=false, period=5000, stopped=false} to beat map.
15:32:51.109-[DESKTOP-44TL0F9][sys]-- INFO 25548 --- [           main] com.alibaba.nacos.client.naming          : [REGISTER-SERVICE] eaa454cf-2243-4e4f-8376-ac197696358a registering service DEFAULT_GROUP@@ports-service with instance: Instance{instanceId='null', ip='121.37.242.119', port=9094, weight=1.0, healthy=true, enabled=true, ephemeral=true, clusterName='DEFAULT', serviceName='null', metadata={preserved.register.source=SPRING_CLOUD}}
15:32:51.119-[DESKTOP-44TL0F9][sys]-- INFO 25548 --- [           main] c.a.c.n.registry.NacosServiceRegistry    : nacos registry, DEFAULT_GROUP ports-service 121.37.242.119:9094 register finished
15:32:52.111-[DESKTOP-44TL0F9][sys]-- INFO 25548 --- [.naming.updater] com.alibaba.nacos.client.naming          : new ips(1) service: DEFAULT_GROUP@@ports-service@@DEFAULT -> [{"instanceId":"121.37.242.119#9094#DEFAULT#DEFAULT_GROUP@@ports-service","ip":"121.37.242.119","port":9094,"weight":1.0,"healthy":true,"enabled":true,"ephemeral":true,"clusterName":"DEFAULT","serviceName":"DEFAULT_GROUP@@ports-service","metadata":{"preserved.register.source":"SPRING_CLOUD"},"ipDeleteTimeout":30000,"instanceHeartBeatInterval":5000,"instanceHeartBeatTimeOut":15000}]
15:32:52.114-[DESKTOP-44TL0F9][sys]-- INFO 25548 --- [.naming.updater] com.alibaba.nacos.client.naming          : current ips:(1) service: DEFAULT_GROUP@@ports-service@@DEFAULT -> [{"instanceId":"121.37.242.119#9094#DEFAULT#DEFAULT_GROUP@@ports-service","ip":"121.37.242.119","port":9094,"weight":1.0,"healthy":true,"enabled":true,"ephemeral":true,"clusterName":"DEFAULT","serviceName":"DEFAULT_GROUP@@ports-service","metadata":{"preserved.register.source":"SPRING_CLOUD"},"ipDeleteTimeout":30000,"instanceHeartBeatInterval":5000,"instanceHeartBeatTimeOut":15000}]
15:32:52.357-[DESKTOP-44TL0F9][sys]-- INFO 25548 --- [           main] o.s.cloud.commons.util.InetUtils         : Cannot determine local hostname
15:32:52.365-[DESKTOP-44TL0F9][sys]-- WARN 25548 --- [           main] ConfigServletWebServerApplicationContext : Exception encountered during context initialization - cancelling refresh attempt: org.springframework.context.ApplicationContextException: Failed to start bean 'documentationPluginsBootstrapper'; nested exception is java.lang.NullPointerException: Cannot invoke "org.springframework.web.servlet.mvc.condition.PatternsRequestCondition.getPatterns()" because "this.condition" is null
15:32:52.369-[DESKTOP-44TL0F9][sys]-- INFO 25548 --- [           main] c.a.c.n.registry.NacosServiceRegistry    : De-registering from Nacos Server now...
15:32:52.369-[DESKTOP-44TL0F9][sys]-- INFO 25548 --- [           main] com.alibaba.nacos.client.naming          : [BEAT] removing beat: DEFAULT_GROUP@@ports-service:121.37.242.119:9094 from beat map.
15:32:52.369-[DESKTOP-44TL0F9][sys]-- INFO 25548 --- [           main] com.alibaba.nacos.client.naming          : [DEREGISTER-SERVICE] eaa454cf-2243-4e4f-8376-ac197696358a deregistering service DEFAULT_GROUP@@ports-service with instance: Instance{instanceId='null', ip='121.37.242.119', port=9094, weight=1.0, healthy=true, enabled=true, ephemeral=true, clusterName='DEFAULT', serviceName='null', metadata={}}
15:32:52.378-[DESKTOP-44TL0F9][sys]-- INFO 25548 --- [           main] c.a.c.n.registry.NacosServiceRegistry    : De-registration finished.
15:32:52.379-[DESKTOP-44TL0F9][sys]-- INFO 25548 --- [           main] com.alibaba.nacos.client.naming          : com.alibaba.nacos.client.naming.beat.BeatReactor do shutdown begin
15:32:55.400-[DESKTOP-44TL0F9][sys]-- INFO 25548 --- [           main] com.alibaba.nacos.client.naming          : com.alibaba.nacos.client.naming.beat.BeatReactor do shutdown stop
15:32:55.401-[DESKTOP-44TL0F9][sys]-- INFO 25548 --- [           main] com.alibaba.nacos.client.naming          : com.alibaba.nacos.client.naming.core.HostReactor do shutdown begin
15:32:58.429-[DESKTOP-44TL0F9][sys]-- INFO 25548 --- [           main] com.alibaba.nacos.client.naming          : com.alibaba.nacos.client.naming.core.PushReceiver do shutdown begin
15:33:01.443-[DESKTOP-44TL0F9][sys]-- INFO 25548 --- [           main] com.alibaba.nacos.client.naming          : com.alibaba.nacos.client.naming.core.PushReceiver do shutdown stop
15:33:01.443-[DESKTOP-44TL0F9][sys]-- INFO 25548 --- [           main] com.alibaba.nacos.client.naming          : com.alibaba.nacos.client.naming.backups.FailoverReactor do shutdown begin
15:33:01.444-[DESKTOP-44TL0F9][sys]-- INFO 25548 --- [           main] com.alibaba.nacos.client.naming          : com.alibaba.nacos.client.naming.backups.FailoverReactor do shutdown stop
15:33:01.444-[DESKTOP-44TL0F9][sys]-- INFO 25548 --- [           main] com.alibaba.nacos.client.naming          : com.alibaba.nacos.client.naming.core.HostReactor do shutdown stop
15:33:01.444-[DESKTOP-44TL0F9][sys]-- INFO 25548 --- [           main] com.alibaba.nacos.client.naming          : com.alibaba.nacos.client.naming.net.NamingProxy do shutdown begin
15:33:01.444-[DESKTOP-44TL0F9][sys]-- WARN 25548 --- [           main] com.alibaba.nacos.client.naming          : [NamingHttpClientManager] Start destroying NacosRestTemplate
15:33:01.444-[DESKTOP-44TL0F9][sys]-- WARN 25548 --- [           main] com.alibaba.nacos.client.naming          : [NamingHttpClientManager] Destruction of the end
15:33:01.444-[DESKTOP-44TL0F9][sys]-- INFO 25548 --- [           main] c.a.n.client.identify.CredentialWatcher  : [null] CredentialWatcher is stopped
15:33:01.445-[DESKTOP-44TL0F9][sys]-- INFO 25548 --- [           main] c.a.n.client.identify.CredentialService  : [null] CredentialService is freed
15:33:01.445-[DESKTOP-44TL0F9][sys]-- INFO 25548 --- [           main] com.alibaba.nacos.client.naming          : com.alibaba.nacos.client.naming.net.NamingProxy do shutdown stop
15:33:01.445-[DESKTOP-44TL0F9][sys]-- INFO 25548 --- [           main] com.alibaba.nacos.client.naming          : initializer namespace from System Property :null
15:33:01.445-[DESKTOP-44TL0F9][sys]-- INFO 25548 --- [           main] com.alibaba.nacos.client.naming          : initializer namespace from System Environment :null
15:33:01.445-[DESKTOP-44TL0F9][sys]-- INFO 25548 --- [           main] com.alibaba.nacos.client.naming          : initializer namespace from System Property :null
15:33:01.449-[DESKTOP-44TL0F9][sys]-- INFO 25548 --- [           main] com.alibaba.nacos.client.naming          : com.alibaba.nacos.client.naming.beat.BeatReactor do shutdown begin
15:33:01.449-[DESKTOP-44TL0F9][sys]-- INFO 25548 --- [           main] com.alibaba.nacos.client.naming          : com.alibaba.nacos.client.naming.beat.BeatReactor do shutdown stop
15:33:01.449-[DESKTOP-44TL0F9][sys]-- INFO 25548 --- [           main] com.alibaba.nacos.client.naming          : com.alibaba.nacos.client.naming.core.HostReactor do shutdown begin
15:33:01.450-[DESKTOP-44TL0F9][sys]-- INFO 25548 --- [           main] com.alibaba.nacos.client.naming          : com.alibaba.nacos.client.naming.core.PushReceiver do shutdown begin
15:33:04.479-[DESKTOP-44TL0F9][sys]-- INFO 25548 --- [           main] com.alibaba.nacos.client.naming          : com.alibaba.nacos.client.naming.core.PushReceiver do shutdown stop
15:33:04.480-[DESKTOP-44TL0F9][sys]-- INFO 25548 --- [           main] com.alibaba.nacos.client.naming          : com.alibaba.nacos.client.naming.backups.FailoverReactor do shutdown begin
15:33:07.497-[DESKTOP-44TL0F9][sys]-- INFO 25548 --- [           main] com.alibaba.nacos.client.naming          : com.alibaba.nacos.client.naming.backups.FailoverReactor do shutdown stop
15:33:07.498-[DESKTOP-44TL0F9][sys]-- INFO 25548 --- [           main] com.alibaba.nacos.client.naming          : com.alibaba.nacos.client.naming.core.HostReactor do shutdown stop
15:33:07.499-[DESKTOP-44TL0F9][sys]-- INFO 25548 --- [           main] com.alibaba.nacos.client.naming          : com.alibaba.nacos.client.naming.net.NamingProxy do shutdown begin
15:33:07.499-[DESKTOP-44TL0F9][sys]-- WARN 25548 --- [           main] com.alibaba.nacos.client.naming          : [NamingHttpClientManager] Start destroying NacosRestTemplate
15:33:07.499-[DESKTOP-44TL0F9][sys]-- WARN 25548 --- [           main] com.alibaba.nacos.client.naming          : [NamingHttpClientManager] Destruction of the end
15:33:07.500-[DESKTOP-44TL0F9][sys]-- INFO 25548 --- [           main] com.alibaba.nacos.client.naming          : com.alibaba.nacos.client.naming.net.NamingProxy do shutdown stop
15:33:07.575-[DESKTOP-44TL0F9][sys]-- INFO 25548 --- [           main] o.apache.catalina.core.StandardService   : Stopping service [Tomcat]
15:33:07.611-[DESKTOP-44TL0F9][sys]-- INFO 25548 --- [           main] ConditionEvaluationReportLoggingListener : 

Error starting ApplicationContext. To display the conditions report re-run your application with 'debug' enabled.
15:33:07.629-[DESKTOP-44TL0F9][sys]--ERROR 25548 --- [           main] o.s.boot.SpringApplication               : Application run failed
org.springframework.context.ApplicationContextException: Failed to start bean 'documentationPluginsBootstrapper'; nested exception is java.lang.NullPointerException: Cannot invoke "org.springframework.web.servlet.mvc.condition.PatternsRequestCondition.getPatterns()" because "this.condition" is null
	at org.springframework.context.support.DefaultLifecycleProcessor.doStart(DefaultLifecycleProcessor.java:181) ~[spring-context-5.3.22.jar:5.3.22]
	at org.springframework.context.support.DefaultLifecycleProcessor.access$200(DefaultLifecycleProcessor.java:54) ~[spring-context-5.3.22.jar:5.3.22]
	at org.springframework.context.support.DefaultLifecycleProcessor$LifecycleGroup.start(DefaultLifecycleProcessor.java:356) ~[spring-context-5.3.22.jar:5.3.22]
	at java.base/java.lang.Iterable.forEach(Iterable.java:75) ~[na:na]
	at org.springframework.context.support.DefaultLifecycleProcessor.startBeans(DefaultLifecycleProcessor.java:155) ~[spring-context-5.3.22.jar:5.3.22]
	at org.springframework.context.support.DefaultLifecycleProcessor.onRefresh(DefaultLifecycleProcessor.java:123) ~[spring-context-5.3.22.jar:5.3.22]
	at org.springframework.context.support.AbstractApplicationContext.finishRefresh(AbstractApplicationContext.java:935) ~[spring-context-5.3.22.jar:5.3.22]
	at org.springframework.context.support.AbstractApplicationContext.refresh(AbstractApplicationContext.java:586) ~[spring-context-5.3.22.jar:5.3.22]
	at org.springframework.boot.web.servlet.context.ServletWebServerApplicationContext.refresh(ServletWebServerApplicationContext.java:147) ~[spring-boot-2.7.2.jar:2.7.2]
	at org.springframework.boot.SpringApplication.refresh(SpringApplication.java:734) ~[spring-boot-2.7.2.jar:2.7.2]
	at org.springframework.boot.SpringApplication.refreshContext(SpringApplication.java:408) ~[spring-boot-2.7.2.jar:2.7.2]
	at org.springframework.boot.SpringApplication.run(SpringApplication.java:308) ~[spring-boot-2.7.2.jar:2.7.2]
	at org.springframework.boot.SpringApplication.run(SpringApplication.java:1306) ~[spring-boot-2.7.2.jar:2.7.2]
	at org.springframework.boot.SpringApplication.run(SpringApplication.java:1295) ~[spring-boot-2.7.2.jar:2.7.2]
	at com.zwnl.ports.PortsApplication.main(PortsApplication.java:11) ~[classes/:na]
Caused by: java.lang.NullPointerException: Cannot invoke "org.springframework.web.servlet.mvc.condition.PatternsRequestCondition.getPatterns()" because "this.condition" is null
	at springfox.documentation.spring.web.WebMvcPatternsRequestConditionWrapper.getPatterns(WebMvcPatternsRequestConditionWrapper.java:56) ~[springfox-spring-webmvc-3.0.0.jar:3.0.0]
	at springfox.documentation.RequestHandler.sortedPaths(RequestHandler.java:113) ~[springfox-core-3.0.0.jar:3.0.0]
	at springfox.documentation.spi.service.contexts.Orderings.lambda$byPatternsCondition$3(Orderings.java:89) ~[springfox-spi-3.0.0.jar:3.0.0]
	at java.base/java.util.Comparator.lambda$comparing$77a9974f$1(Comparator.java:473) ~[na:na]
	at java.base/java.util.TimSort.countRunAndMakeAscending(TimSort.java:355) ~[na:na]
	at java.base/java.util.TimSort.sort(TimSort.java:220) ~[na:na]
	at java.base/java.util.Arrays.sort(Arrays.java:1307) ~[na:na]
	at java.base/java.util.ArrayList.sort(ArrayList.java:1721) ~[na:na]
	at java.base/java.util.stream.SortedOps$RefSortingSink.end(SortedOps.java:392) ~[na:na]
	at java.base/java.util.stream.Sink$ChainedReference.end(Sink.java:258) ~[na:na]
	at java.base/java.util.stream.Sink$ChainedReference.end(Sink.java:258) ~[na:na]
	at java.base/java.util.stream.Sink$ChainedReference.end(Sink.java:258) ~[na:na]
	at java.base/java.util.stream.Sink$ChainedReference.end(Sink.java:258) ~[na:na]
	at java.base/java.util.stream.AbstractPipeline.copyInto(AbstractPipeline.java:510) ~[na:na]
	at java.base/java.util.stream.AbstractPipeline.wrapAndCopyInto(AbstractPipeline.java:499) ~[na:na]
	at java.base/java.util.stream.ReduceOps$ReduceOp.evaluateSequential(ReduceOps.java:921) ~[na:na]
	at java.base/java.util.stream.AbstractPipeline.evaluate(AbstractPipeline.java:234) ~[na:na]
	at java.base/java.util.stream.ReferencePipeline.collect(ReferencePipeline.java:682) ~[na:na]
	at springfox.documentation.spring.web.plugins.WebMvcRequestHandlerProvider.requestHandlers(WebMvcRequestHandlerProvider.java:81) ~[springfox-spring-webmvc-3.0.0.jar:3.0.0]
	at java.base/java.util.stream.ReferencePipeline$3$1.accept(ReferencePipeline.java:197) ~[na:na]
	at java.base/java.util.ArrayList$ArrayListSpliterator.forEachRemaining(ArrayList.java:1625) ~[na:na]
	at java.base/java.util.stream.AbstractPipeline.copyInto(AbstractPipeline.java:509) ~[na:na]
	at java.base/java.util.stream.AbstractPipeline.wrapAndCopyInto(AbstractPipeline.java:499) ~[na:na]
	at java.base/java.util.stream.ReduceOps$ReduceOp.evaluateSequential(ReduceOps.java:921) ~[na:na]
	at java.base/java.util.stream.AbstractPipeline.evaluate(AbstractPipeline.java:234) ~[na:na]
	at java.base/java.util.stream.ReferencePipeline.collect(ReferencePipeline.java:682) ~[na:na]
	at springfox.documentation.spring.web.plugins.AbstractDocumentationPluginsBootstrapper.withDefaults(AbstractDocumentationPluginsBootstrapper.java:107) ~[springfox-spring-web-3.0.0.jar:3.0.0]
	at springfox.documentation.spring.web.plugins.AbstractDocumentationPluginsBootstrapper.buildContext(AbstractDocumentationPluginsBootstrapper.java:91) ~[springfox-spring-web-3.0.0.jar:3.0.0]
	at springfox.documentation.spring.web.plugins.AbstractDocumentationPluginsBootstrapper.bootstrapDocumentationPlugins(AbstractDocumentationPluginsBootstrapper.java:82) ~[springfox-spring-web-3.0.0.jar:3.0.0]
	at springfox.documentation.spring.web.plugins.DocumentationPluginsBootstrapper.start(DocumentationPluginsBootstrapper.java:100) ~[springfox-spring-web-3.0.0.jar:3.0.0]
	at org.springframework.context.support.DefaultLifecycleProcessor.doStart(DefaultLifecycleProcessor.java:178) ~[spring-context-5.3.22.jar:5.3.22]
	... 14 common frames omitted
