20:45:53.031-[DESKTOP-44TL0F9][sys]-- INFO 9296 --- [           main] com.zwnl.company.CompanyApplication      : The following 1 profile is active: "dev"
20:45:53.899-[DESKTOP-44TL0F9][sys]-- INFO 9296 --- [           main] .s.d.r.c.RepositoryConfigurationDelegate : Multiple Spring Data modules found, entering strict repository configuration mode
20:45:53.908-[DESKTOP-44TL0F9][sys]-- INFO 9296 --- [           main] .s.d.r.c.RepositoryConfigurationDelegate : Bootstrapping Spring Data Redis repositories in DEFAULT mode.
20:45:53.938-[DESKTOP-44TL0F9][sys]-- INFO 9296 --- [           main] .s.d.r.c.RepositoryConfigurationDelegate : Finished Spring Data repository scanning in 10 ms. Found 0 Redis repository interfaces.
20:45:54.216-[DESKTOP-44TL0F9][sys]-- INFO 9296 --- [           main] o.s.cloud.context.scope.GenericScope     : BeanFactory id=d0e4b32c-3293-3512-8ac5-35aacbf82f4e
20:45:54.878-[DESKTOP-44TL0F9][sys]-- INFO 9296 --- [           main] o.s.b.w.embedded.tomcat.TomcatWebServer  : Tomcat initialized with port(s): 9093 (http)
20:45:54.880-[DESKTOP-44TL0F9][sys]-- INFO 9296 --- [           main] o.a.catalina.core.AprLifecycleListener   : Loaded Apache Tomcat Native library [1.3.0] using APR version [1.7.4].
20:45:54.880-[DESKTOP-44TL0F9][sys]-- INFO 9296 --- [           main] o.a.catalina.core.AprLifecycleListener   : APR capabilities: IPv6 [true], sendfile [true], accept filters [false], random [true], UDS [true].
20:45:54.880-[DESKTOP-44TL0F9][sys]-- INFO 9296 --- [           main] o.a.catalina.core.AprLifecycleListener   : APR/OpenSSL configuration: useAprConnector [false], useOpenSSL [true]
20:45:54.907-[DESKTOP-44TL0F9][sys]-- INFO 9296 --- [           main] o.a.catalina.core.AprLifecycleListener   : OpenSSL successfully initialized [OpenSSL 3.0.13 30 Jan 2024]
20:45:54.922-[DESKTOP-44TL0F9][sys]-- INFO 9296 --- [           main] o.apache.catalina.core.StandardService   : Starting service [Tomcat]
20:45:54.923-[DESKTOP-44TL0F9][sys]-- INFO 9296 --- [           main] org.apache.catalina.core.StandardEngine  : Starting Servlet engine: [Apache Tomcat/9.0.65]
20:45:55.128-[DESKTOP-44TL0F9][sys]-- INFO 9296 --- [           main] o.a.c.c.C.[Tomcat].[localhost].[/]       : Initializing Spring embedded WebApplicationContext
20:45:55.129-[DESKTOP-44TL0F9][sys]-- INFO 9296 --- [           main] w.s.c.ServletWebServerApplicationContext : Root WebApplicationContext: initialization completed in 2073 ms
20:45:56.852-[DESKTOP-44TL0F9][sys]-- INFO 9296 --- [           main] c.z.c.autoconfigure.xxljob.XxlJobConfig  : >>>>>>>>>>> xxl-job config init.
20:45:56.855-[DESKTOP-44TL0F9][sys]-- INFO 9296 --- [           main] c.z.c.autoconfigure.xxljob.XxlJobConfig  : >>>>>>>>>>> xxl-job config end.
20:45:59.036-[DESKTOP-44TL0F9][sys]-- INFO 9296 --- [           main] o.s.cloud.commons.util.InetUtils         : Cannot determine local hostname
20:45:59.087-[DESKTOP-44TL0F9][sys]-- WARN 9296 --- [           main] iguration$LoadBalancerCaffeineWarnLogger : Spring Cloud LoadBalancer is currently working with the default cache. While this cache implementation is useful for development and tests, it's recommended to use Caffeine cache in production.You can switch to using Caffeine cache, by adding it and org.springframework.cache.caffeine.CaffeineCacheManager to the classpath.
20:45:59.117-[DESKTOP-44TL0F9][sys]-- INFO 9296 --- [           main] c.xxl.job.core.executor.XxlJobExecutor   : >>>>>>>>>>> xxl-job register jobhandler success, name:updateJobHandler, jobHandler:com.xxl.job.core.handler.impl.MethodJobHandler@788a7567[class com.zwnl.company.job.UpdateJobsTask#updateJobList]
20:45:59.288-[DESKTOP-44TL0F9][sys]-- INFO 9296 --- [           main] com.alibaba.nacos.client.naming          : initializer namespace from System Property :null
20:45:59.289-[DESKTOP-44TL0F9][sys]-- INFO 9296 --- [           main] com.alibaba.nacos.client.naming          : initializer namespace from System Environment :null
20:45:59.290-[DESKTOP-44TL0F9][sys]-- INFO 9296 --- [           main] com.alibaba.nacos.client.naming          : initializer namespace from System Property :null
20:45:59.406-[DESKTOP-44TL0F9][sys]-- INFO 9296 --- [      Thread-11] com.xxl.job.core.server.EmbedServer      : >>>>>>>>>>> xxl-job remoting server start success, nettype = class com.xxl.job.core.server.EmbedServer, port = 9999
20:45:59.597-[DESKTOP-44TL0F9][sys]-- INFO 9296 --- [           main] o.s.b.w.embedded.tomcat.TomcatWebServer  : Tomcat started on port(s): 9093 (http) with context path ''
20:45:59.607-[DESKTOP-44TL0F9][sys]-- INFO 9296 --- [           main] com.alibaba.nacos.client.naming          : [BEAT] adding beat: BeatInfo{port=9093, ip='121.37.242.119', weight=1.0, serviceName='DEFAULT_GROUP@@company-service', cluster='DEFAULT', metadata={preserved.register.source=SPRING_CLOUD}, scheduled=false, period=5000, stopped=false} to beat map.
20:45:59.608-[DESKTOP-44TL0F9][sys]-- INFO 9296 --- [           main] com.alibaba.nacos.client.naming          : [REGISTER-SERVICE] eaa454cf-2243-4e4f-8376-ac197696358a registering service DEFAULT_GROUP@@company-service with instance: Instance{instanceId='null', ip='121.37.242.119', port=9093, weight=1.0, healthy=true, enabled=true, ephemeral=true, clusterName='DEFAULT', serviceName='null', metadata={preserved.register.source=SPRING_CLOUD}}
20:45:59.661-[DESKTOP-44TL0F9][sys]-- INFO 9296 --- [           main] c.a.c.n.registry.NacosServiceRegistry    : nacos registry, DEFAULT_GROUP company-service 121.37.242.119:9093 register finished
20:46:00.589-[DESKTOP-44TL0F9][sys]-- INFO 9296 --- [.naming.updater] com.alibaba.nacos.client.naming          : new ips(1) service: DEFAULT_GROUP@@company-service@@DEFAULT -> [{"instanceId":"121.37.242.119#9093#DEFAULT#DEFAULT_GROUP@@company-service","ip":"121.37.242.119","port":9093,"weight":1.0,"healthy":true,"enabled":true,"ephemeral":true,"clusterName":"DEFAULT","serviceName":"DEFAULT_GROUP@@company-service","metadata":{"preserved.register.source":"SPRING_CLOUD"},"ipDeleteTimeout":30000,"instanceHeartBeatInterval":5000,"instanceHeartBeatTimeOut":15000}]
20:46:00.593-[DESKTOP-44TL0F9][sys]-- INFO 9296 --- [.naming.updater] com.alibaba.nacos.client.naming          : current ips:(1) service: DEFAULT_GROUP@@company-service@@DEFAULT -> [{"instanceId":"121.37.242.119#9093#DEFAULT#DEFAULT_GROUP@@company-service","ip":"121.37.242.119","port":9093,"weight":1.0,"healthy":true,"enabled":true,"ephemeral":true,"clusterName":"DEFAULT","serviceName":"DEFAULT_GROUP@@company-service","metadata":{"preserved.register.source":"SPRING_CLOUD"},"ipDeleteTimeout":30000,"instanceHeartBeatInterval":5000,"instanceHeartBeatTimeOut":15000}]
20:46:00.907-[DESKTOP-44TL0F9][sys]-- INFO 9296 --- [           main] o.s.cloud.commons.util.InetUtils         : Cannot determine local hostname
20:46:01.205-[DESKTOP-44TL0F9][sys]-- INFO 9296 --- [           main] com.zwnl.company.CompanyApplication      : Started CompanyApplication in 12.378 seconds (JVM running for 13.516)
20:46:01.208-[DESKTOP-44TL0F9][sys]-- INFO 9296 --- [           main] c.a.n.client.config.impl.ClientWorker    : [fixed-121.37.242.119_8848] [subscribe] company-service-dev.yaml+DEFAULT_GROUP
20:46:01.209-[DESKTOP-44TL0F9][sys]-- INFO 9296 --- [           main] c.a.nacos.client.config.impl.CacheData   : [fixed-121.37.242.119_8848] [add-listener] ok, tenant=, dataId=company-service-dev.yaml, group=DEFAULT_GROUP, cnt=1
20:46:01.209-[DESKTOP-44TL0F9][sys]-- INFO 9296 --- [           main] c.a.c.n.refresh.NacosContextRefresher    : listening config: dataId=company-service-dev.yaml, group=DEFAULT_GROUP
20:46:01.209-[DESKTOP-44TL0F9][sys]-- INFO 9296 --- [           main] c.a.n.client.config.impl.ClientWorker    : [fixed-121.37.242.119_8848] [subscribe] company-service+DEFAULT_GROUP
20:46:01.209-[DESKTOP-44TL0F9][sys]-- INFO 9296 --- [           main] c.a.nacos.client.config.impl.CacheData   : [fixed-121.37.242.119_8848] [add-listener] ok, tenant=, dataId=company-service, group=DEFAULT_GROUP, cnt=1
20:46:01.209-[DESKTOP-44TL0F9][sys]-- INFO 9296 --- [           main] c.a.c.n.refresh.NacosContextRefresher    : listening config: dataId=company-service, group=DEFAULT_GROUP
20:46:01.209-[DESKTOP-44TL0F9][sys]-- INFO 9296 --- [           main] c.a.n.client.config.impl.ClientWorker    : [fixed-121.37.242.119_8848] [subscribe] company-service.yaml+DEFAULT_GROUP
20:46:01.210-[DESKTOP-44TL0F9][sys]-- INFO 9296 --- [           main] c.a.nacos.client.config.impl.CacheData   : [fixed-121.37.242.119_8848] [add-listener] ok, tenant=, dataId=company-service.yaml, group=DEFAULT_GROUP, cnt=1
20:46:01.210-[DESKTOP-44TL0F9][sys]-- INFO 9296 --- [           main] c.a.c.n.refresh.NacosContextRefresher    : listening config: dataId=company-service.yaml, group=DEFAULT_GROUP
20:46:01.211-[DESKTOP-44TL0F9][sys]-- INFO 9296 --- [           main] com.zwnl.company.CompanyApplication      : --/
---------------------------------------------------------------------------------------
	Application 'company-service' is running! Access URLs:
	Local: 		http://localhost:9093
	External: 	http://192.168.1.119:9093
	Profile(s): 	[dev]
---------------------------------------------------------------------------------------
20:51:26.714-[DESKTOP-44TL0F9][sys]-- INFO 9296 --- [nio-9093-exec-1] o.a.c.c.C.[Tomcat].[localhost].[/]       : Initializing Spring DispatcherServlet 'dispatcherServlet'
20:51:26.714-[DESKTOP-44TL0F9][sys]-- INFO 9296 --- [nio-9093-exec-1] o.s.web.servlet.DispatcherServlet        : Initializing Servlet 'dispatcherServlet'
20:51:26.717-[DESKTOP-44TL0F9][sys]-- INFO 9296 --- [nio-9093-exec-1] o.s.web.servlet.DispatcherServlet        : Completed initialization in 3 ms
20:52:09.976-[DESKTOP-44TL0F9][sys]--ERROR 9296 --- [io-9093-exec-10] c.z.c.a.m.advice.CommonExceptionAdvice   : 其他异常 uri : /jobs -> 
org.springframework.http.converter.HttpMessageNotReadableException: JSON parse error: Cannot coerce empty String ("") to `com.zwnl.model.company.enums.CompanyStatus` value (but could if coercion was enabled using `CoercionConfig`); nested exception is com.fasterxml.jackson.databind.exc.InvalidFormatException: Cannot coerce empty String ("") to `com.zwnl.model.company.enums.CompanyStatus` value (but could if coercion was enabled using `CoercionConfig`)
 at [Source: (org.springframework.util.StreamUtils$NonClosingInputStream); line: 5, column: 16] (through reference chain: com.zwnl.model.company.dtos.JobsDTO["comstatus"])
	at org.springframework.http.converter.json.AbstractJackson2HttpMessageConverter.readJavaType(AbstractJackson2HttpMessageConverter.java:391) ~[spring-web-5.3.22.jar:5.3.22]
	at org.springframework.http.converter.json.AbstractJackson2HttpMessageConverter.read(AbstractJackson2HttpMessageConverter.java:343) ~[spring-web-5.3.22.jar:5.3.22]
	at org.springframework.web.servlet.mvc.method.annotation.AbstractMessageConverterMethodArgumentResolver.readWithMessageConverters(AbstractMessageConverterMethodArgumentResolver.java:185) ~[spring-webmvc-5.3.22.jar:5.3.22]
	at org.springframework.web.servlet.mvc.method.annotation.RequestResponseBodyMethodProcessor.readWithMessageConverters(RequestResponseBodyMethodProcessor.java:160) ~[spring-webmvc-5.3.22.jar:5.3.22]
	at org.springframework.web.servlet.mvc.method.annotation.RequestResponseBodyMethodProcessor.resolveArgument(RequestResponseBodyMethodProcessor.java:133) ~[spring-webmvc-5.3.22.jar:5.3.22]
	at org.springframework.web.method.support.HandlerMethodArgumentResolverComposite.resolveArgument(HandlerMethodArgumentResolverComposite.java:122) ~[spring-web-5.3.22.jar:5.3.22]
	at org.springframework.web.method.support.InvocableHandlerMethod.getMethodArgumentValues(InvocableHandlerMethod.java:179) ~[spring-web-5.3.22.jar:5.3.22]
	at org.springframework.web.method.support.InvocableHandlerMethod.invokeForRequest(InvocableHandlerMethod.java:146) ~[spring-web-5.3.22.jar:5.3.22]
	at org.springframework.web.servlet.mvc.method.annotation.ServletInvocableHandlerMethod.invokeAndHandle(ServletInvocableHandlerMethod.java:117) ~[spring-webmvc-5.3.22.jar:5.3.22]
	at org.springframework.web.servlet.mvc.method.annotation.RequestMappingHandlerAdapter.invokeHandlerMethod(RequestMappingHandlerAdapter.java:895) ~[spring-webmvc-5.3.22.jar:5.3.22]
	at org.springframework.web.servlet.mvc.method.annotation.RequestMappingHandlerAdapter.handleInternal(RequestMappingHandlerAdapter.java:808) ~[spring-webmvc-5.3.22.jar:5.3.22]
	at org.springframework.web.servlet.mvc.method.AbstractHandlerMethodAdapter.handle(AbstractHandlerMethodAdapter.java:87) ~[spring-webmvc-5.3.22.jar:5.3.22]
	at org.springframework.web.servlet.DispatcherServlet.doDispatch(DispatcherServlet.java:1070) ~[spring-webmvc-5.3.22.jar:5.3.22]
	at org.springframework.web.servlet.DispatcherServlet.doService(DispatcherServlet.java:963) ~[spring-webmvc-5.3.22.jar:5.3.22]
	at org.springframework.web.servlet.FrameworkServlet.processRequest(FrameworkServlet.java:1006) ~[spring-webmvc-5.3.22.jar:5.3.22]
	at org.springframework.web.servlet.FrameworkServlet.doPost(FrameworkServlet.java:909) ~[spring-webmvc-5.3.22.jar:5.3.22]
	at javax.servlet.http.HttpServlet.service(HttpServlet.java:681) ~[tomcat-embed-core-9.0.65.jar:4.0.FR]
	at org.springframework.web.servlet.FrameworkServlet.service(FrameworkServlet.java:883) ~[spring-webmvc-5.3.22.jar:5.3.22]
	at javax.servlet.http.HttpServlet.service(HttpServlet.java:764) ~[tomcat-embed-core-9.0.65.jar:4.0.FR]
	at org.apache.catalina.core.ApplicationFilterChain.internalDoFilter(ApplicationFilterChain.java:227) ~[tomcat-embed-core-9.0.65.jar:9.0.65]
	at org.apache.catalina.core.ApplicationFilterChain.doFilter(ApplicationFilterChain.java:162) ~[tomcat-embed-core-9.0.65.jar:9.0.65]
	at org.apache.tomcat.websocket.server.WsFilter.doFilter(WsFilter.java:53) ~[tomcat-embed-websocket-9.0.65.jar:9.0.65]
	at org.apache.catalina.core.ApplicationFilterChain.internalDoFilter(ApplicationFilterChain.java:189) ~[tomcat-embed-core-9.0.65.jar:9.0.65]
	at org.apache.catalina.core.ApplicationFilterChain.doFilter(ApplicationFilterChain.java:162) ~[tomcat-embed-core-9.0.65.jar:9.0.65]
	at org.springframework.web.filter.RequestContextFilter.doFilterInternal(RequestContextFilter.java:100) ~[spring-web-5.3.22.jar:5.3.22]
	at org.springframework.web.filter.OncePerRequestFilter.doFilter(OncePerRequestFilter.java:117) ~[spring-web-5.3.22.jar:5.3.22]
	at org.apache.catalina.core.ApplicationFilterChain.internalDoFilter(ApplicationFilterChain.java:189) ~[tomcat-embed-core-9.0.65.jar:9.0.65]
	at org.apache.catalina.core.ApplicationFilterChain.doFilter(ApplicationFilterChain.java:162) ~[tomcat-embed-core-9.0.65.jar:9.0.65]
	at org.springframework.web.filter.FormContentFilter.doFilterInternal(FormContentFilter.java:93) ~[spring-web-5.3.22.jar:5.3.22]
	at org.springframework.web.filter.OncePerRequestFilter.doFilter(OncePerRequestFilter.java:117) ~[spring-web-5.3.22.jar:5.3.22]
	at org.apache.catalina.core.ApplicationFilterChain.internalDoFilter(ApplicationFilterChain.java:189) ~[tomcat-embed-core-9.0.65.jar:9.0.65]
	at org.apache.catalina.core.ApplicationFilterChain.doFilter(ApplicationFilterChain.java:162) ~[tomcat-embed-core-9.0.65.jar:9.0.65]
	at org.springframework.web.filter.CharacterEncodingFilter.doFilterInternal(CharacterEncodingFilter.java:201) ~[spring-web-5.3.22.jar:5.3.22]
	at org.springframework.web.filter.OncePerRequestFilter.doFilter(OncePerRequestFilter.java:117) ~[spring-web-5.3.22.jar:5.3.22]
	at org.apache.catalina.core.ApplicationFilterChain.internalDoFilter(ApplicationFilterChain.java:189) ~[tomcat-embed-core-9.0.65.jar:9.0.65]
	at org.apache.catalina.core.ApplicationFilterChain.doFilter(ApplicationFilterChain.java:162) ~[tomcat-embed-core-9.0.65.jar:9.0.65]
	at com.zwnl.common.filters.RequestIdFilter.doFilter(RequestIdFilter.java:27) ~[classes/:na]
	at org.apache.catalina.core.ApplicationFilterChain.internalDoFilter(ApplicationFilterChain.java:189) ~[tomcat-embed-core-9.0.65.jar:9.0.65]
	at org.apache.catalina.core.ApplicationFilterChain.doFilter(ApplicationFilterChain.java:162) ~[tomcat-embed-core-9.0.65.jar:9.0.65]
	at org.apache.catalina.core.StandardWrapperValve.invoke(StandardWrapperValve.java:197) ~[tomcat-embed-core-9.0.65.jar:9.0.65]
	at org.apache.catalina.core.StandardContextValve.invoke(StandardContextValve.java:97) ~[tomcat-embed-core-9.0.65.jar:9.0.65]
	at org.apache.catalina.authenticator.AuthenticatorBase.invoke(AuthenticatorBase.java:541) ~[tomcat-embed-core-9.0.65.jar:9.0.65]
	at org.apache.catalina.core.StandardHostValve.invoke(StandardHostValve.java:135) ~[tomcat-embed-core-9.0.65.jar:9.0.65]
	at org.apache.catalina.valves.ErrorReportValve.invoke(ErrorReportValve.java:92) ~[tomcat-embed-core-9.0.65.jar:9.0.65]
	at org.apache.catalina.core.StandardEngineValve.invoke(StandardEngineValve.java:78) ~[tomcat-embed-core-9.0.65.jar:9.0.65]
	at org.apache.catalina.connector.CoyoteAdapter.service(CoyoteAdapter.java:360) ~[tomcat-embed-core-9.0.65.jar:9.0.65]
	at org.apache.coyote.http11.Http11Processor.service(Http11Processor.java:399) ~[tomcat-embed-core-9.0.65.jar:9.0.65]
	at org.apache.coyote.AbstractProcessorLight.process(AbstractProcessorLight.java:65) ~[tomcat-embed-core-9.0.65.jar:9.0.65]
	at org.apache.coyote.AbstractProtocol$ConnectionHandler.process(AbstractProtocol.java:890) ~[tomcat-embed-core-9.0.65.jar:9.0.65]
	at org.apache.tomcat.util.net.NioEndpoint$SocketProcessor.doRun(NioEndpoint.java:1789) ~[tomcat-embed-core-9.0.65.jar:9.0.65]
	at org.apache.tomcat.util.net.SocketProcessorBase.run(SocketProcessorBase.java:49) ~[tomcat-embed-core-9.0.65.jar:9.0.65]
	at org.apache.tomcat.util.threads.ThreadPoolExecutor.runWorker(ThreadPoolExecutor.java:1191) ~[tomcat-embed-core-9.0.65.jar:9.0.65]
	at org.apache.tomcat.util.threads.ThreadPoolExecutor$Worker.run(ThreadPoolExecutor.java:659) ~[tomcat-embed-core-9.0.65.jar:9.0.65]
	at org.apache.tomcat.util.threads.TaskThread$WrappingRunnable.run(TaskThread.java:61) ~[tomcat-embed-core-9.0.65.jar:9.0.65]
	at java.base/java.lang.Thread.run(Thread.java:842) ~[na:na]
Caused by: com.fasterxml.jackson.databind.exc.InvalidFormatException: Cannot coerce empty String ("") to `com.zwnl.model.company.enums.CompanyStatus` value (but could if coercion was enabled using `CoercionConfig`)
 at [Source: (org.springframework.util.StreamUtils$NonClosingInputStream); line: 5, column: 16] (through reference chain: com.zwnl.model.company.dtos.JobsDTO["comstatus"])
	at com.fasterxml.jackson.databind.exc.InvalidFormatException.from(InvalidFormatException.java:67) ~[jackson-databind-2.13.3.jar:2.13.3]
	at com.fasterxml.jackson.databind.DeserializationContext.reportBadCoercion(DeserializationContext.java:1806) ~[jackson-databind-2.13.3.jar:2.13.3]
	at com.fasterxml.jackson.databind.deser.std.StdDeserializer._checkCoercionFail(StdDeserializer.java:1477) ~[jackson-databind-2.13.3.jar:2.13.3]
	at com.fasterxml.jackson.databind.deser.std.EnumDeserializer._deserializeAltString(EnumDeserializer.java:305) ~[jackson-databind-2.13.3.jar:2.13.3]
	at com.fasterxml.jackson.databind.deser.std.EnumDeserializer._fromString(EnumDeserializer.java:230) ~[jackson-databind-2.13.3.jar:2.13.3]
	at com.fasterxml.jackson.databind.deser.std.EnumDeserializer.deserialize(EnumDeserializer.java:198) ~[jackson-databind-2.13.3.jar:2.13.3]
	at com.fasterxml.jackson.databind.deser.impl.MethodProperty.deserializeAndSet(MethodProperty.java:129) ~[jackson-databind-2.13.3.jar:2.13.3]
	at com.fasterxml.jackson.databind.deser.BeanDeserializer.deserializeFromObject(BeanDeserializer.java:391) ~[jackson-databind-2.13.3.jar:2.13.3]
	at com.fasterxml.jackson.databind.deser.BeanDeserializer.deserialize(BeanDeserializer.java:184) ~[jackson-databind-2.13.3.jar:2.13.3]
	at com.fasterxml.jackson.databind.deser.DefaultDeserializationContext.readRootValue(DefaultDeserializationContext.java:323) ~[jackson-databind-2.13.3.jar:2.13.3]
	at com.fasterxml.jackson.databind.ObjectMapper._readMapAndClose(ObjectMapper.java:4674) ~[jackson-databind-2.13.3.jar:2.13.3]
	at com.fasterxml.jackson.databind.ObjectMapper.readValue(ObjectMapper.java:3682) ~[jackson-databind-2.13.3.jar:2.13.3]
	at org.springframework.http.converter.json.AbstractJackson2HttpMessageConverter.readJavaType(AbstractJackson2HttpMessageConverter.java:380) ~[spring-web-5.3.22.jar:5.3.22]
	... 54 common frames omitted
20:55:22.250-[DESKTOP-44TL0F9][sys]--ERROR 9296 --- [nio-9093-exec-1] c.z.c.a.m.advice.CommonExceptionAdvice   : 其他异常 uri : /jobs -> 
org.springframework.http.converter.HttpMessageNotReadableException: JSON parse error: Cannot deserialize value of type `com.zwnl.model.company.enums.CompanySize` from number 5: index value outside legal index range [0..4]; nested exception is com.fasterxml.jackson.databind.exc.InvalidFormatException: Cannot deserialize value of type `com.zwnl.model.company.enums.CompanySize` from number 5: index value outside legal index range [0..4]
 at [Source: (org.springframework.util.StreamUtils$NonClosingInputStream); line: 15, column: 11] (through reference chain: com.zwnl.model.company.dtos.JobsDTO["size"])
	at org.springframework.http.converter.json.AbstractJackson2HttpMessageConverter.readJavaType(AbstractJackson2HttpMessageConverter.java:391) ~[spring-web-5.3.22.jar:5.3.22]
	at org.springframework.http.converter.json.AbstractJackson2HttpMessageConverter.read(AbstractJackson2HttpMessageConverter.java:343) ~[spring-web-5.3.22.jar:5.3.22]
	at org.springframework.web.servlet.mvc.method.annotation.AbstractMessageConverterMethodArgumentResolver.readWithMessageConverters(AbstractMessageConverterMethodArgumentResolver.java:185) ~[spring-webmvc-5.3.22.jar:5.3.22]
	at org.springframework.web.servlet.mvc.method.annotation.RequestResponseBodyMethodProcessor.readWithMessageConverters(RequestResponseBodyMethodProcessor.java:160) ~[spring-webmvc-5.3.22.jar:5.3.22]
	at org.springframework.web.servlet.mvc.method.annotation.RequestResponseBodyMethodProcessor.resolveArgument(RequestResponseBodyMethodProcessor.java:133) ~[spring-webmvc-5.3.22.jar:5.3.22]
	at org.springframework.web.method.support.HandlerMethodArgumentResolverComposite.resolveArgument(HandlerMethodArgumentResolverComposite.java:122) ~[spring-web-5.3.22.jar:5.3.22]
	at org.springframework.web.method.support.InvocableHandlerMethod.getMethodArgumentValues(InvocableHandlerMethod.java:179) ~[spring-web-5.3.22.jar:5.3.22]
	at org.springframework.web.method.support.InvocableHandlerMethod.invokeForRequest(InvocableHandlerMethod.java:146) ~[spring-web-5.3.22.jar:5.3.22]
	at org.springframework.web.servlet.mvc.method.annotation.ServletInvocableHandlerMethod.invokeAndHandle(ServletInvocableHandlerMethod.java:117) ~[spring-webmvc-5.3.22.jar:5.3.22]
	at org.springframework.web.servlet.mvc.method.annotation.RequestMappingHandlerAdapter.invokeHandlerMethod(RequestMappingHandlerAdapter.java:895) ~[spring-webmvc-5.3.22.jar:5.3.22]
	at org.springframework.web.servlet.mvc.method.annotation.RequestMappingHandlerAdapter.handleInternal(RequestMappingHandlerAdapter.java:808) ~[spring-webmvc-5.3.22.jar:5.3.22]
	at org.springframework.web.servlet.mvc.method.AbstractHandlerMethodAdapter.handle(AbstractHandlerMethodAdapter.java:87) ~[spring-webmvc-5.3.22.jar:5.3.22]
	at org.springframework.web.servlet.DispatcherServlet.doDispatch(DispatcherServlet.java:1070) ~[spring-webmvc-5.3.22.jar:5.3.22]
	at org.springframework.web.servlet.DispatcherServlet.doService(DispatcherServlet.java:963) ~[spring-webmvc-5.3.22.jar:5.3.22]
	at org.springframework.web.servlet.FrameworkServlet.processRequest(FrameworkServlet.java:1006) ~[spring-webmvc-5.3.22.jar:5.3.22]
	at org.springframework.web.servlet.FrameworkServlet.doPost(FrameworkServlet.java:909) ~[spring-webmvc-5.3.22.jar:5.3.22]
	at javax.servlet.http.HttpServlet.service(HttpServlet.java:681) ~[tomcat-embed-core-9.0.65.jar:4.0.FR]
	at org.springframework.web.servlet.FrameworkServlet.service(FrameworkServlet.java:883) ~[spring-webmvc-5.3.22.jar:5.3.22]
	at javax.servlet.http.HttpServlet.service(HttpServlet.java:764) ~[tomcat-embed-core-9.0.65.jar:4.0.FR]
	at org.apache.catalina.core.ApplicationFilterChain.internalDoFilter(ApplicationFilterChain.java:227) ~[tomcat-embed-core-9.0.65.jar:9.0.65]
	at org.apache.catalina.core.ApplicationFilterChain.doFilter(ApplicationFilterChain.java:162) ~[tomcat-embed-core-9.0.65.jar:9.0.65]
	at org.apache.tomcat.websocket.server.WsFilter.doFilter(WsFilter.java:53) ~[tomcat-embed-websocket-9.0.65.jar:9.0.65]
	at org.apache.catalina.core.ApplicationFilterChain.internalDoFilter(ApplicationFilterChain.java:189) ~[tomcat-embed-core-9.0.65.jar:9.0.65]
	at org.apache.catalina.core.ApplicationFilterChain.doFilter(ApplicationFilterChain.java:162) ~[tomcat-embed-core-9.0.65.jar:9.0.65]
	at org.springframework.web.filter.RequestContextFilter.doFilterInternal(RequestContextFilter.java:100) ~[spring-web-5.3.22.jar:5.3.22]
	at org.springframework.web.filter.OncePerRequestFilter.doFilter(OncePerRequestFilter.java:117) ~[spring-web-5.3.22.jar:5.3.22]
	at org.apache.catalina.core.ApplicationFilterChain.internalDoFilter(ApplicationFilterChain.java:189) ~[tomcat-embed-core-9.0.65.jar:9.0.65]
	at org.apache.catalina.core.ApplicationFilterChain.doFilter(ApplicationFilterChain.java:162) ~[tomcat-embed-core-9.0.65.jar:9.0.65]
	at org.springframework.web.filter.FormContentFilter.doFilterInternal(FormContentFilter.java:93) ~[spring-web-5.3.22.jar:5.3.22]
	at org.springframework.web.filter.OncePerRequestFilter.doFilter(OncePerRequestFilter.java:117) ~[spring-web-5.3.22.jar:5.3.22]
	at org.apache.catalina.core.ApplicationFilterChain.internalDoFilter(ApplicationFilterChain.java:189) ~[tomcat-embed-core-9.0.65.jar:9.0.65]
	at org.apache.catalina.core.ApplicationFilterChain.doFilter(ApplicationFilterChain.java:162) ~[tomcat-embed-core-9.0.65.jar:9.0.65]
	at org.springframework.web.filter.CharacterEncodingFilter.doFilterInternal(CharacterEncodingFilter.java:201) ~[spring-web-5.3.22.jar:5.3.22]
	at org.springframework.web.filter.OncePerRequestFilter.doFilter(OncePerRequestFilter.java:117) ~[spring-web-5.3.22.jar:5.3.22]
	at org.apache.catalina.core.ApplicationFilterChain.internalDoFilter(ApplicationFilterChain.java:189) ~[tomcat-embed-core-9.0.65.jar:9.0.65]
	at org.apache.catalina.core.ApplicationFilterChain.doFilter(ApplicationFilterChain.java:162) ~[tomcat-embed-core-9.0.65.jar:9.0.65]
	at com.zwnl.common.filters.RequestIdFilter.doFilter(RequestIdFilter.java:27) ~[classes/:na]
	at org.apache.catalina.core.ApplicationFilterChain.internalDoFilter(ApplicationFilterChain.java:189) ~[tomcat-embed-core-9.0.65.jar:9.0.65]
	at org.apache.catalina.core.ApplicationFilterChain.doFilter(ApplicationFilterChain.java:162) ~[tomcat-embed-core-9.0.65.jar:9.0.65]
	at org.apache.catalina.core.StandardWrapperValve.invoke(StandardWrapperValve.java:197) ~[tomcat-embed-core-9.0.65.jar:9.0.65]
	at org.apache.catalina.core.StandardContextValve.invoke(StandardContextValve.java:97) ~[tomcat-embed-core-9.0.65.jar:9.0.65]
	at org.apache.catalina.authenticator.AuthenticatorBase.invoke(AuthenticatorBase.java:541) ~[tomcat-embed-core-9.0.65.jar:9.0.65]
	at org.apache.catalina.core.StandardHostValve.invoke(StandardHostValve.java:135) ~[tomcat-embed-core-9.0.65.jar:9.0.65]
	at org.apache.catalina.valves.ErrorReportValve.invoke(ErrorReportValve.java:92) ~[tomcat-embed-core-9.0.65.jar:9.0.65]
	at org.apache.catalina.core.StandardEngineValve.invoke(StandardEngineValve.java:78) ~[tomcat-embed-core-9.0.65.jar:9.0.65]
	at org.apache.catalina.connector.CoyoteAdapter.service(CoyoteAdapter.java:360) ~[tomcat-embed-core-9.0.65.jar:9.0.65]
	at org.apache.coyote.http11.Http11Processor.service(Http11Processor.java:399) ~[tomcat-embed-core-9.0.65.jar:9.0.65]
	at org.apache.coyote.AbstractProcessorLight.process(AbstractProcessorLight.java:65) ~[tomcat-embed-core-9.0.65.jar:9.0.65]
	at org.apache.coyote.AbstractProtocol$ConnectionHandler.process(AbstractProtocol.java:890) ~[tomcat-embed-core-9.0.65.jar:9.0.65]
	at org.apache.tomcat.util.net.NioEndpoint$SocketProcessor.doRun(NioEndpoint.java:1789) ~[tomcat-embed-core-9.0.65.jar:9.0.65]
	at org.apache.tomcat.util.net.SocketProcessorBase.run(SocketProcessorBase.java:49) ~[tomcat-embed-core-9.0.65.jar:9.0.65]
	at org.apache.tomcat.util.threads.ThreadPoolExecutor.runWorker(ThreadPoolExecutor.java:1191) ~[tomcat-embed-core-9.0.65.jar:9.0.65]
	at org.apache.tomcat.util.threads.ThreadPoolExecutor$Worker.run(ThreadPoolExecutor.java:659) ~[tomcat-embed-core-9.0.65.jar:9.0.65]
	at org.apache.tomcat.util.threads.TaskThread$WrappingRunnable.run(TaskThread.java:61) ~[tomcat-embed-core-9.0.65.jar:9.0.65]
	at java.base/java.lang.Thread.run(Thread.java:842) ~[na:na]
Caused by: com.fasterxml.jackson.databind.exc.InvalidFormatException: Cannot deserialize value of type `com.zwnl.model.company.enums.CompanySize` from number 5: index value outside legal index range [0..4]
 at [Source: (org.springframework.util.StreamUtils$NonClosingInputStream); line: 15, column: 11] (through reference chain: com.zwnl.model.company.dtos.JobsDTO["size"])
	at com.fasterxml.jackson.databind.exc.InvalidFormatException.from(InvalidFormatException.java:67) ~[jackson-databind-2.13.3.jar:2.13.3]
	at com.fasterxml.jackson.databind.DeserializationContext.weirdNumberException(DeserializationContext.java:2003) ~[jackson-databind-2.13.3.jar:2.13.3]
	at com.fasterxml.jackson.databind.DeserializationContext.handleWeirdNumberValue(DeserializationContext.java:1264) ~[jackson-databind-2.13.3.jar:2.13.3]
	at com.fasterxml.jackson.databind.deser.std.EnumDeserializer._fromInteger(EnumDeserializer.java:270) ~[jackson-databind-2.13.3.jar:2.13.3]
	at com.fasterxml.jackson.databind.deser.std.EnumDeserializer.deserialize(EnumDeserializer.java:210) ~[jackson-databind-2.13.3.jar:2.13.3]
	at com.fasterxml.jackson.databind.deser.impl.MethodProperty.deserializeAndSet(MethodProperty.java:129) ~[jackson-databind-2.13.3.jar:2.13.3]
	at com.fasterxml.jackson.databind.deser.BeanDeserializer.deserializeFromObject(BeanDeserializer.java:391) ~[jackson-databind-2.13.3.jar:2.13.3]
	at com.fasterxml.jackson.databind.deser.BeanDeserializer.deserialize(BeanDeserializer.java:184) ~[jackson-databind-2.13.3.jar:2.13.3]
	at com.fasterxml.jackson.databind.deser.DefaultDeserializationContext.readRootValue(DefaultDeserializationContext.java:323) ~[jackson-databind-2.13.3.jar:2.13.3]
	at com.fasterxml.jackson.databind.ObjectMapper._readMapAndClose(ObjectMapper.java:4674) ~[jackson-databind-2.13.3.jar:2.13.3]
	at com.fasterxml.jackson.databind.ObjectMapper.readValue(ObjectMapper.java:3682) ~[jackson-databind-2.13.3.jar:2.13.3]
	at org.springframework.http.converter.json.AbstractJackson2HttpMessageConverter.readJavaType(AbstractJackson2HttpMessageConverter.java:380) ~[spring-web-5.3.22.jar:5.3.22]
	... 54 common frames omitted
20:55:30.363-[DESKTOP-44TL0F9][sys]--ERROR 9296 --- [nio-9093-exec-7] c.z.c.a.m.advice.CommonExceptionAdvice   : 其他异常 uri : /jobs -> 
org.springframework.http.converter.HttpMessageNotReadableException: JSON parse error: Cannot deserialize value of type `com.zwnl.model.company.enums.CompanySize` from number 5: index value outside legal index range [0..4]; nested exception is com.fasterxml.jackson.databind.exc.InvalidFormatException: Cannot deserialize value of type `com.zwnl.model.company.enums.CompanySize` from number 5: index value outside legal index range [0..4]
 at [Source: (org.springframework.util.StreamUtils$NonClosingInputStream); line: 15, column: 11] (through reference chain: com.zwnl.model.company.dtos.JobsDTO["size"])
	at org.springframework.http.converter.json.AbstractJackson2HttpMessageConverter.readJavaType(AbstractJackson2HttpMessageConverter.java:391) ~[spring-web-5.3.22.jar:5.3.22]
	at org.springframework.http.converter.json.AbstractJackson2HttpMessageConverter.read(AbstractJackson2HttpMessageConverter.java:343) ~[spring-web-5.3.22.jar:5.3.22]
	at org.springframework.web.servlet.mvc.method.annotation.AbstractMessageConverterMethodArgumentResolver.readWithMessageConverters(AbstractMessageConverterMethodArgumentResolver.java:185) ~[spring-webmvc-5.3.22.jar:5.3.22]
	at org.springframework.web.servlet.mvc.method.annotation.RequestResponseBodyMethodProcessor.readWithMessageConverters(RequestResponseBodyMethodProcessor.java:160) ~[spring-webmvc-5.3.22.jar:5.3.22]
	at org.springframework.web.servlet.mvc.method.annotation.RequestResponseBodyMethodProcessor.resolveArgument(RequestResponseBodyMethodProcessor.java:133) ~[spring-webmvc-5.3.22.jar:5.3.22]
	at org.springframework.web.method.support.HandlerMethodArgumentResolverComposite.resolveArgument(HandlerMethodArgumentResolverComposite.java:122) ~[spring-web-5.3.22.jar:5.3.22]
	at org.springframework.web.method.support.InvocableHandlerMethod.getMethodArgumentValues(InvocableHandlerMethod.java:179) ~[spring-web-5.3.22.jar:5.3.22]
	at org.springframework.web.method.support.InvocableHandlerMethod.invokeForRequest(InvocableHandlerMethod.java:146) ~[spring-web-5.3.22.jar:5.3.22]
	at org.springframework.web.servlet.mvc.method.annotation.ServletInvocableHandlerMethod.invokeAndHandle(ServletInvocableHandlerMethod.java:117) ~[spring-webmvc-5.3.22.jar:5.3.22]
	at org.springframework.web.servlet.mvc.method.annotation.RequestMappingHandlerAdapter.invokeHandlerMethod(RequestMappingHandlerAdapter.java:895) ~[spring-webmvc-5.3.22.jar:5.3.22]
	at org.springframework.web.servlet.mvc.method.annotation.RequestMappingHandlerAdapter.handleInternal(RequestMappingHandlerAdapter.java:808) ~[spring-webmvc-5.3.22.jar:5.3.22]
	at org.springframework.web.servlet.mvc.method.AbstractHandlerMethodAdapter.handle(AbstractHandlerMethodAdapter.java:87) ~[spring-webmvc-5.3.22.jar:5.3.22]
	at org.springframework.web.servlet.DispatcherServlet.doDispatch(DispatcherServlet.java:1070) ~[spring-webmvc-5.3.22.jar:5.3.22]
	at org.springframework.web.servlet.DispatcherServlet.doService(DispatcherServlet.java:963) ~[spring-webmvc-5.3.22.jar:5.3.22]
	at org.springframework.web.servlet.FrameworkServlet.processRequest(FrameworkServlet.java:1006) ~[spring-webmvc-5.3.22.jar:5.3.22]
	at org.springframework.web.servlet.FrameworkServlet.doPost(FrameworkServlet.java:909) ~[spring-webmvc-5.3.22.jar:5.3.22]
	at javax.servlet.http.HttpServlet.service(HttpServlet.java:681) ~[tomcat-embed-core-9.0.65.jar:4.0.FR]
	at org.springframework.web.servlet.FrameworkServlet.service(FrameworkServlet.java:883) ~[spring-webmvc-5.3.22.jar:5.3.22]
	at javax.servlet.http.HttpServlet.service(HttpServlet.java:764) ~[tomcat-embed-core-9.0.65.jar:4.0.FR]
	at org.apache.catalina.core.ApplicationFilterChain.internalDoFilter(ApplicationFilterChain.java:227) ~[tomcat-embed-core-9.0.65.jar:9.0.65]
	at org.apache.catalina.core.ApplicationFilterChain.doFilter(ApplicationFilterChain.java:162) ~[tomcat-embed-core-9.0.65.jar:9.0.65]
	at org.apache.tomcat.websocket.server.WsFilter.doFilter(WsFilter.java:53) ~[tomcat-embed-websocket-9.0.65.jar:9.0.65]
	at org.apache.catalina.core.ApplicationFilterChain.internalDoFilter(ApplicationFilterChain.java:189) ~[tomcat-embed-core-9.0.65.jar:9.0.65]
	at org.apache.catalina.core.ApplicationFilterChain.doFilter(ApplicationFilterChain.java:162) ~[tomcat-embed-core-9.0.65.jar:9.0.65]
	at org.springframework.web.filter.RequestContextFilter.doFilterInternal(RequestContextFilter.java:100) ~[spring-web-5.3.22.jar:5.3.22]
	at org.springframework.web.filter.OncePerRequestFilter.doFilter(OncePerRequestFilter.java:117) ~[spring-web-5.3.22.jar:5.3.22]
	at org.apache.catalina.core.ApplicationFilterChain.internalDoFilter(ApplicationFilterChain.java:189) ~[tomcat-embed-core-9.0.65.jar:9.0.65]
	at org.apache.catalina.core.ApplicationFilterChain.doFilter(ApplicationFilterChain.java:162) ~[tomcat-embed-core-9.0.65.jar:9.0.65]
	at org.springframework.web.filter.FormContentFilter.doFilterInternal(FormContentFilter.java:93) ~[spring-web-5.3.22.jar:5.3.22]
	at org.springframework.web.filter.OncePerRequestFilter.doFilter(OncePerRequestFilter.java:117) ~[spring-web-5.3.22.jar:5.3.22]
	at org.apache.catalina.core.ApplicationFilterChain.internalDoFilter(ApplicationFilterChain.java:189) ~[tomcat-embed-core-9.0.65.jar:9.0.65]
	at org.apache.catalina.core.ApplicationFilterChain.doFilter(ApplicationFilterChain.java:162) ~[tomcat-embed-core-9.0.65.jar:9.0.65]
	at org.springframework.web.filter.CharacterEncodingFilter.doFilterInternal(CharacterEncodingFilter.java:201) ~[spring-web-5.3.22.jar:5.3.22]
	at org.springframework.web.filter.OncePerRequestFilter.doFilter(OncePerRequestFilter.java:117) ~[spring-web-5.3.22.jar:5.3.22]
	at org.apache.catalina.core.ApplicationFilterChain.internalDoFilter(ApplicationFilterChain.java:189) ~[tomcat-embed-core-9.0.65.jar:9.0.65]
	at org.apache.catalina.core.ApplicationFilterChain.doFilter(ApplicationFilterChain.java:162) ~[tomcat-embed-core-9.0.65.jar:9.0.65]
	at com.zwnl.common.filters.RequestIdFilter.doFilter(RequestIdFilter.java:27) ~[classes/:na]
	at org.apache.catalina.core.ApplicationFilterChain.internalDoFilter(ApplicationFilterChain.java:189) ~[tomcat-embed-core-9.0.65.jar:9.0.65]
	at org.apache.catalina.core.ApplicationFilterChain.doFilter(ApplicationFilterChain.java:162) ~[tomcat-embed-core-9.0.65.jar:9.0.65]
	at org.apache.catalina.core.StandardWrapperValve.invoke(StandardWrapperValve.java:197) ~[tomcat-embed-core-9.0.65.jar:9.0.65]
	at org.apache.catalina.core.StandardContextValve.invoke(StandardContextValve.java:97) ~[tomcat-embed-core-9.0.65.jar:9.0.65]
	at org.apache.catalina.authenticator.AuthenticatorBase.invoke(AuthenticatorBase.java:541) ~[tomcat-embed-core-9.0.65.jar:9.0.65]
	at org.apache.catalina.core.StandardHostValve.invoke(StandardHostValve.java:135) ~[tomcat-embed-core-9.0.65.jar:9.0.65]
	at org.apache.catalina.valves.ErrorReportValve.invoke(ErrorReportValve.java:92) ~[tomcat-embed-core-9.0.65.jar:9.0.65]
	at org.apache.catalina.core.StandardEngineValve.invoke(StandardEngineValve.java:78) ~[tomcat-embed-core-9.0.65.jar:9.0.65]
	at org.apache.catalina.connector.CoyoteAdapter.service(CoyoteAdapter.java:360) ~[tomcat-embed-core-9.0.65.jar:9.0.65]
	at org.apache.coyote.http11.Http11Processor.service(Http11Processor.java:399) ~[tomcat-embed-core-9.0.65.jar:9.0.65]
	at org.apache.coyote.AbstractProcessorLight.process(AbstractProcessorLight.java:65) ~[tomcat-embed-core-9.0.65.jar:9.0.65]
	at org.apache.coyote.AbstractProtocol$ConnectionHandler.process(AbstractProtocol.java:890) ~[tomcat-embed-core-9.0.65.jar:9.0.65]
	at org.apache.tomcat.util.net.NioEndpoint$SocketProcessor.doRun(NioEndpoint.java:1789) ~[tomcat-embed-core-9.0.65.jar:9.0.65]
	at org.apache.tomcat.util.net.SocketProcessorBase.run(SocketProcessorBase.java:49) ~[tomcat-embed-core-9.0.65.jar:9.0.65]
	at org.apache.tomcat.util.threads.ThreadPoolExecutor.runWorker(ThreadPoolExecutor.java:1191) ~[tomcat-embed-core-9.0.65.jar:9.0.65]
	at org.apache.tomcat.util.threads.ThreadPoolExecutor$Worker.run(ThreadPoolExecutor.java:659) ~[tomcat-embed-core-9.0.65.jar:9.0.65]
	at org.apache.tomcat.util.threads.TaskThread$WrappingRunnable.run(TaskThread.java:61) ~[tomcat-embed-core-9.0.65.jar:9.0.65]
	at java.base/java.lang.Thread.run(Thread.java:842) ~[na:na]
Caused by: com.fasterxml.jackson.databind.exc.InvalidFormatException: Cannot deserialize value of type `com.zwnl.model.company.enums.CompanySize` from number 5: index value outside legal index range [0..4]
 at [Source: (org.springframework.util.StreamUtils$NonClosingInputStream); line: 15, column: 11] (through reference chain: com.zwnl.model.company.dtos.JobsDTO["size"])
	at com.fasterxml.jackson.databind.exc.InvalidFormatException.from(InvalidFormatException.java:67) ~[jackson-databind-2.13.3.jar:2.13.3]
	at com.fasterxml.jackson.databind.DeserializationContext.weirdNumberException(DeserializationContext.java:2003) ~[jackson-databind-2.13.3.jar:2.13.3]
	at com.fasterxml.jackson.databind.DeserializationContext.handleWeirdNumberValue(DeserializationContext.java:1264) ~[jackson-databind-2.13.3.jar:2.13.3]
	at com.fasterxml.jackson.databind.deser.std.EnumDeserializer._fromInteger(EnumDeserializer.java:270) ~[jackson-databind-2.13.3.jar:2.13.3]
	at com.fasterxml.jackson.databind.deser.std.EnumDeserializer.deserialize(EnumDeserializer.java:210) ~[jackson-databind-2.13.3.jar:2.13.3]
	at com.fasterxml.jackson.databind.deser.impl.MethodProperty.deserializeAndSet(MethodProperty.java:129) ~[jackson-databind-2.13.3.jar:2.13.3]
	at com.fasterxml.jackson.databind.deser.BeanDeserializer.deserializeFromObject(BeanDeserializer.java:391) ~[jackson-databind-2.13.3.jar:2.13.3]
	at com.fasterxml.jackson.databind.deser.BeanDeserializer.deserialize(BeanDeserializer.java:184) ~[jackson-databind-2.13.3.jar:2.13.3]
	at com.fasterxml.jackson.databind.deser.DefaultDeserializationContext.readRootValue(DefaultDeserializationContext.java:323) ~[jackson-databind-2.13.3.jar:2.13.3]
	at com.fasterxml.jackson.databind.ObjectMapper._readMapAndClose(ObjectMapper.java:4674) ~[jackson-databind-2.13.3.jar:2.13.3]
	at com.fasterxml.jackson.databind.ObjectMapper.readValue(ObjectMapper.java:3682) ~[jackson-databind-2.13.3.jar:2.13.3]
	at org.springframework.http.converter.json.AbstractJackson2HttpMessageConverter.readJavaType(AbstractJackson2HttpMessageConverter.java:380) ~[spring-web-5.3.22.jar:5.3.22]
	... 54 common frames omitted
20:56:18.910-[DESKTOP-44TL0F9][sys]-- INFO 9296 --- [nio-9093-exec-8] c.z.company.controller.JobsController    : 保存职位信息：JobsDTO(jobId=null, title=太费劲, description=投影光刻机, requirements=天即可, location=广州, minSalary=0, maxSalary=0, salary=34, companyId=1, userId=null, name=发帖, industry=反应快, size=SIZE_1001_PLUS, address=广州, image=null, contactName=null, contactEmail=null, contactPhone=null, cdescription=就给大家, comstatus=UN_FINANCED, education=运动, skills=国家的丰台警方，官方插件, createdTime=null)
20:56:18.942-[DESKTOP-44TL0F9][sys]--ERROR 9296 --- [nio-9093-exec-8] c.z.c.a.m.advice.CommonExceptionAdvice   : 其他异常 uri : /jobs -> 
java.lang.NullPointerException: Cannot invoke "com.zwnl.model.user.pos.Users.getUserId()" because "user" is null
	at com.zwnl.company.service.impl.JobsServiceImpl.saveJob(JobsServiceImpl.java:54) ~[classes/:na]
	at com.zwnl.company.service.impl.JobsServiceImpl$$FastClassBySpringCGLIB$$5e9e59e1.invoke(<generated>) ~[classes/:na]
	at org.springframework.cglib.proxy.MethodProxy.invoke(MethodProxy.java:218) ~[spring-core-5.3.22.jar:5.3.22]
	at org.springframework.aop.framework.CglibAopProxy.invokeMethod(CglibAopProxy.java:386) ~[spring-aop-5.3.22.jar:5.3.22]
	at org.springframework.aop.framework.CglibAopProxy.access$000(CglibAopProxy.java:85) ~[spring-aop-5.3.22.jar:5.3.22]
	at org.springframework.aop.framework.CglibAopProxy$DynamicAdvisedInterceptor.intercept(CglibAopProxy.java:704) ~[spring-aop-5.3.22.jar:5.3.22]
	at com.zwnl.company.service.impl.JobsServiceImpl$$EnhancerBySpringCGLIB$$523ea731.saveJob(<generated>) ~[classes/:na]
	at com.zwnl.company.controller.JobsController.saveJob(JobsController.java:46) ~[classes/:na]
	at java.base/jdk.internal.reflect.NativeMethodAccessorImpl.invoke0(Native Method) ~[na:na]
	at java.base/jdk.internal.reflect.NativeMethodAccessorImpl.invoke(NativeMethodAccessorImpl.java:77) ~[na:na]
	at java.base/jdk.internal.reflect.DelegatingMethodAccessorImpl.invoke(DelegatingMethodAccessorImpl.java:43) ~[na:na]
	at java.base/java.lang.reflect.Method.invoke(Method.java:568) ~[na:na]
	at org.springframework.web.method.support.InvocableHandlerMethod.doInvoke(InvocableHandlerMethod.java:205) ~[spring-web-5.3.22.jar:5.3.22]
	at org.springframework.web.method.support.InvocableHandlerMethod.invokeForRequest(InvocableHandlerMethod.java:150) ~[spring-web-5.3.22.jar:5.3.22]
	at org.springframework.web.servlet.mvc.method.annotation.ServletInvocableHandlerMethod.invokeAndHandle(ServletInvocableHandlerMethod.java:117) ~[spring-webmvc-5.3.22.jar:5.3.22]
	at org.springframework.web.servlet.mvc.method.annotation.RequestMappingHandlerAdapter.invokeHandlerMethod(RequestMappingHandlerAdapter.java:895) ~[spring-webmvc-5.3.22.jar:5.3.22]
	at org.springframework.web.servlet.mvc.method.annotation.RequestMappingHandlerAdapter.handleInternal(RequestMappingHandlerAdapter.java:808) ~[spring-webmvc-5.3.22.jar:5.3.22]
	at org.springframework.web.servlet.mvc.method.AbstractHandlerMethodAdapter.handle(AbstractHandlerMethodAdapter.java:87) ~[spring-webmvc-5.3.22.jar:5.3.22]
	at org.springframework.web.servlet.DispatcherServlet.doDispatch(DispatcherServlet.java:1070) ~[spring-webmvc-5.3.22.jar:5.3.22]
	at org.springframework.web.servlet.DispatcherServlet.doService(DispatcherServlet.java:963) ~[spring-webmvc-5.3.22.jar:5.3.22]
	at org.springframework.web.servlet.FrameworkServlet.processRequest(FrameworkServlet.java:1006) ~[spring-webmvc-5.3.22.jar:5.3.22]
	at org.springframework.web.servlet.FrameworkServlet.doPost(FrameworkServlet.java:909) ~[spring-webmvc-5.3.22.jar:5.3.22]
	at javax.servlet.http.HttpServlet.service(HttpServlet.java:681) ~[tomcat-embed-core-9.0.65.jar:4.0.FR]
	at org.springframework.web.servlet.FrameworkServlet.service(FrameworkServlet.java:883) ~[spring-webmvc-5.3.22.jar:5.3.22]
	at javax.servlet.http.HttpServlet.service(HttpServlet.java:764) ~[tomcat-embed-core-9.0.65.jar:4.0.FR]
	at org.apache.catalina.core.ApplicationFilterChain.internalDoFilter(ApplicationFilterChain.java:227) ~[tomcat-embed-core-9.0.65.jar:9.0.65]
	at org.apache.catalina.core.ApplicationFilterChain.doFilter(ApplicationFilterChain.java:162) ~[tomcat-embed-core-9.0.65.jar:9.0.65]
	at org.apache.tomcat.websocket.server.WsFilter.doFilter(WsFilter.java:53) ~[tomcat-embed-websocket-9.0.65.jar:9.0.65]
	at org.apache.catalina.core.ApplicationFilterChain.internalDoFilter(ApplicationFilterChain.java:189) ~[tomcat-embed-core-9.0.65.jar:9.0.65]
	at org.apache.catalina.core.ApplicationFilterChain.doFilter(ApplicationFilterChain.java:162) ~[tomcat-embed-core-9.0.65.jar:9.0.65]
	at org.springframework.web.filter.RequestContextFilter.doFilterInternal(RequestContextFilter.java:100) ~[spring-web-5.3.22.jar:5.3.22]
	at org.springframework.web.filter.OncePerRequestFilter.doFilter(OncePerRequestFilter.java:117) ~[spring-web-5.3.22.jar:5.3.22]
	at org.apache.catalina.core.ApplicationFilterChain.internalDoFilter(ApplicationFilterChain.java:189) ~[tomcat-embed-core-9.0.65.jar:9.0.65]
	at org.apache.catalina.core.ApplicationFilterChain.doFilter(ApplicationFilterChain.java:162) ~[tomcat-embed-core-9.0.65.jar:9.0.65]
	at org.springframework.web.filter.FormContentFilter.doFilterInternal(FormContentFilter.java:93) ~[spring-web-5.3.22.jar:5.3.22]
	at org.springframework.web.filter.OncePerRequestFilter.doFilter(OncePerRequestFilter.java:117) ~[spring-web-5.3.22.jar:5.3.22]
	at org.apache.catalina.core.ApplicationFilterChain.internalDoFilter(ApplicationFilterChain.java:189) ~[tomcat-embed-core-9.0.65.jar:9.0.65]
	at org.apache.catalina.core.ApplicationFilterChain.doFilter(ApplicationFilterChain.java:162) ~[tomcat-embed-core-9.0.65.jar:9.0.65]
	at org.springframework.web.filter.CharacterEncodingFilter.doFilterInternal(CharacterEncodingFilter.java:201) ~[spring-web-5.3.22.jar:5.3.22]
	at org.springframework.web.filter.OncePerRequestFilter.doFilter(OncePerRequestFilter.java:117) ~[spring-web-5.3.22.jar:5.3.22]
	at org.apache.catalina.core.ApplicationFilterChain.internalDoFilter(ApplicationFilterChain.java:189) ~[tomcat-embed-core-9.0.65.jar:9.0.65]
	at org.apache.catalina.core.ApplicationFilterChain.doFilter(ApplicationFilterChain.java:162) ~[tomcat-embed-core-9.0.65.jar:9.0.65]
	at com.zwnl.common.filters.RequestIdFilter.doFilter(RequestIdFilter.java:27) ~[classes/:na]
	at org.apache.catalina.core.ApplicationFilterChain.internalDoFilter(ApplicationFilterChain.java:189) ~[tomcat-embed-core-9.0.65.jar:9.0.65]
	at org.apache.catalina.core.ApplicationFilterChain.doFilter(ApplicationFilterChain.java:162) ~[tomcat-embed-core-9.0.65.jar:9.0.65]
	at org.apache.catalina.core.StandardWrapperValve.invoke(StandardWrapperValve.java:197) ~[tomcat-embed-core-9.0.65.jar:9.0.65]
	at org.apache.catalina.core.StandardContextValve.invoke(StandardContextValve.java:97) ~[tomcat-embed-core-9.0.65.jar:9.0.65]
	at org.apache.catalina.authenticator.AuthenticatorBase.invoke(AuthenticatorBase.java:541) ~[tomcat-embed-core-9.0.65.jar:9.0.65]
	at org.apache.catalina.core.StandardHostValve.invoke(StandardHostValve.java:135) ~[tomcat-embed-core-9.0.65.jar:9.0.65]
	at org.apache.catalina.valves.ErrorReportValve.invoke(ErrorReportValve.java:92) ~[tomcat-embed-core-9.0.65.jar:9.0.65]
	at org.apache.catalina.core.StandardEngineValve.invoke(StandardEngineValve.java:78) ~[tomcat-embed-core-9.0.65.jar:9.0.65]
	at org.apache.catalina.connector.CoyoteAdapter.service(CoyoteAdapter.java:360) ~[tomcat-embed-core-9.0.65.jar:9.0.65]
	at org.apache.coyote.http11.Http11Processor.service(Http11Processor.java:399) ~[tomcat-embed-core-9.0.65.jar:9.0.65]
	at org.apache.coyote.AbstractProcessorLight.process(AbstractProcessorLight.java:65) ~[tomcat-embed-core-9.0.65.jar:9.0.65]
	at org.apache.coyote.AbstractProtocol$ConnectionHandler.process(AbstractProtocol.java:890) ~[tomcat-embed-core-9.0.65.jar:9.0.65]
	at org.apache.tomcat.util.net.NioEndpoint$SocketProcessor.doRun(NioEndpoint.java:1789) ~[tomcat-embed-core-9.0.65.jar:9.0.65]
	at org.apache.tomcat.util.net.SocketProcessorBase.run(SocketProcessorBase.java:49) ~[tomcat-embed-core-9.0.65.jar:9.0.65]
	at org.apache.tomcat.util.threads.ThreadPoolExecutor.runWorker(ThreadPoolExecutor.java:1191) ~[tomcat-embed-core-9.0.65.jar:9.0.65]
	at org.apache.tomcat.util.threads.ThreadPoolExecutor$Worker.run(ThreadPoolExecutor.java:659) ~[tomcat-embed-core-9.0.65.jar:9.0.65]
	at org.apache.tomcat.util.threads.TaskThread$WrappingRunnable.run(TaskThread.java:61) ~[tomcat-embed-core-9.0.65.jar:9.0.65]
	at java.base/java.lang.Thread.run(Thread.java:842) ~[na:na]
20:58:48.598-[DESKTOP-44TL0F9][sys]-- INFO 9296 --- [nio-9093-exec-2] c.z.company.controller.JobsController    : 保存职位信息：JobsDTO(jobId=null, title=太费劲, description=投影光刻机, requirements=天即可, location=广州, minSalary=0, maxSalary=0, salary=34, companyId=1, userId=null, name=发帖, industry=反应快, size=SIZE_1001_PLUS, address=广州, image=null, contactName=null, contactEmail=null, contactPhone=null, cdescription=就给大家, comstatus=UN_FINANCED, education=运动, skills=国家的丰台警方，官方插件, createdTime=null)
20:58:48.699-[DESKTOP-44TL0F9][sys]-- INFO 9296 --- [nio-9093-exec-2] com.zaxxer.hikari.HikariDataSource       : HikariPool-1 - Starting...
20:58:49.071-[DESKTOP-44TL0F9][sys]-- INFO 9296 --- [nio-9093-exec-2] com.zaxxer.hikari.HikariDataSource       : HikariPool-1 - Start completed.
20:58:49.080-[DESKTOP-44TL0F9][sys]--DEBUG 9296 --- [nio-9093-exec-2] c.zwnl.company.mapper.JobsMapper.insert  : ==>  Preparing: INSERT INTO jobs ( title, description, requirements, location, min_salary, max_salary, salary, education, company_id, skills ) VALUES ( ?, ?, ?, ?, ?, ?, ?, ?, ?, ? )
20:58:49.113-[DESKTOP-44TL0F9][sys]--DEBUG 9296 --- [nio-9093-exec-2] c.zwnl.company.mapper.JobsMapper.insert  : ==> Parameters: 太费劲(String), 投影光刻机(String), 天即可(String), 广州(String), 0(BigDecimal), 0(BigDecimal), 34(String), 运动(String), 1(Integer), 国家的丰台警方，官方插件(String)
20:58:49.134-[DESKTOP-44TL0F9][sys]--DEBUG 9296 --- [nio-9093-exec-2] c.zwnl.company.mapper.JobsMapper.insert  : <==    Updates: 1
20:58:49.151-[DESKTOP-44TL0F9][sys]--DEBUG 9296 --- [nio-9093-exec-2] c.z.c.mapper.CompaniesMapper.selectById  : ==>  Preparing: SELECT company_id,user_id,name,comstatus,industry,size,address,contact_name,contact_email,contact_phone,cdescription,created_time,updated_time,is_online,image FROM companies WHERE company_id=?
20:58:49.152-[DESKTOP-44TL0F9][sys]--DEBUG 9296 --- [nio-9093-exec-2] c.z.c.mapper.CompaniesMapper.selectById  : ==> Parameters: 1(Integer)
20:58:49.178-[DESKTOP-44TL0F9][sys]--DEBUG 9296 --- [nio-9093-exec-2] c.z.c.mapper.CompaniesMapper.selectById  : <==      Total: 1
20:58:49.184-[DESKTOP-44TL0F9][sys]--DEBUG 9296 --- [nio-9093-exec-2] c.z.c.autoconfigure.mq.RabbitMqHelper    : 准备发送消息，exchange：jobs.topic， RoutingKey：jobs.new， message：JobsDTO(jobId=107, title=太费劲, description=投影光刻机, requirements=天即可, location=广州, minSalary=0, maxSalary=0, salary=34, companyId=1, userId=1, name=穿越火线, industry=gck, size=SIZE_1001_PLUS, address=dyfji, image=null, contactName=gvjxcgf, contactEmail=fgjf, contactPhone=34674585678, cdescription=fxgj, comstatus=ON_SHELF, education=运动, skills=国家的丰台警方，官方插件, createdTime=2024-10-15T15:18:13)
20:58:49.203-[DESKTOP-44TL0F9][sys]-- INFO 9296 --- [nio-9093-exec-2] o.s.a.r.c.CachingConnectionFactory       : Attempting to connect to: [121.37.242.119:5672]
20:58:49.304-[DESKTOP-44TL0F9][sys]-- INFO 9296 --- [nio-9093-exec-2] o.s.a.r.c.CachingConnectionFactory       : Created new connection: rabbitConnectionFactory#2cbc2db2:0/SimpleConnection@47f79321 [delegate=amqp://zwnl@121.37.242.119:5672/, localPort= 63007]
20:59:47.900-[DESKTOP-44TL0F9][sys]-- INFO 9296 --- [io-9093-exec-10] c.z.company.controller.JobsController    : 保存职位信息：JobsDTO(jobId=null, title=太费劲, description=投影光刻机, requirements=天即可, location=广州, minSalary=0, maxSalary=0, salary=34, companyId=1, userId=null, name=发帖, industry=反应快, size=SIZE_1001_PLUS, address=广州, image=null, contactName=null, contactEmail=null, contactPhone=null, cdescription=就给大家, comstatus=UN_FINANCED, education=运动, skills=国家的丰台警方，官方插件, createdTime=null)
20:59:47.913-[DESKTOP-44TL0F9][sys]--DEBUG 9296 --- [io-9093-exec-10] c.zwnl.company.mapper.JobsMapper.insert  : ==>  Preparing: INSERT INTO jobs ( title, description, requirements, location, min_salary, max_salary, salary, education, company_id, skills ) VALUES ( ?, ?, ?, ?, ?, ?, ?, ?, ?, ? )
20:59:47.915-[DESKTOP-44TL0F9][sys]--DEBUG 9296 --- [io-9093-exec-10] c.zwnl.company.mapper.JobsMapper.insert  : ==> Parameters: 太费劲(String), 投影光刻机(String), 天即可(String), 广州(String), 0(BigDecimal), 0(BigDecimal), 34(String), 运动(String), 1(Integer), 国家的丰台警方，官方插件(String)
20:59:47.935-[DESKTOP-44TL0F9][sys]--DEBUG 9296 --- [io-9093-exec-10] c.zwnl.company.mapper.JobsMapper.insert  : <==    Updates: 1
20:59:47.938-[DESKTOP-44TL0F9][sys]--DEBUG 9296 --- [io-9093-exec-10] c.z.c.mapper.CompaniesMapper.selectById  : ==>  Preparing: SELECT company_id,user_id,name,comstatus,industry,size,address,contact_name,contact_email,contact_phone,cdescription,created_time,updated_time,is_online,image FROM companies WHERE company_id=?
20:59:47.939-[DESKTOP-44TL0F9][sys]--DEBUG 9296 --- [io-9093-exec-10] c.z.c.mapper.CompaniesMapper.selectById  : ==> Parameters: 1(Integer)
20:59:47.947-[DESKTOP-44TL0F9][sys]--DEBUG 9296 --- [io-9093-exec-10] c.z.c.mapper.CompaniesMapper.selectById  : <==      Total: 1
20:59:47.947-[DESKTOP-44TL0F9][sys]--DEBUG 9296 --- [io-9093-exec-10] c.z.c.autoconfigure.mq.RabbitMqHelper    : 准备发送消息，exchange：jobs.topic， RoutingKey：jobs.new， message：JobsDTO(jobId=108, title=太费劲, description=投影光刻机, requirements=天即可, location=广州, minSalary=0, maxSalary=0, salary=34, companyId=1, userId=1, name=穿越火线, industry=gck, size=SIZE_1001_PLUS, address=dyfji, image=null, contactName=gvjxcgf, contactEmail=fgjf, contactPhone=34674585678, cdescription=fxgj, comstatus=ON_SHELF, education=运动, skills=国家的丰台警方，官方插件, createdTime=2024-10-15T15:18:13)
21:56:02.752-[DESKTOP-44TL0F9][sys]-- WARN 9296 --- [      Thread-17] c.a.nacos.common.notify.NotifyCenter     : [NotifyCenter] Start destroying Publisher
21:56:02.752-[DESKTOP-44TL0F9][sys]-- WARN 9296 --- [       Thread-1] c.a.n.common.http.HttpClientBeanHolder   : [HttpClientBeanHolder] Start destroying common HttpClient
21:56:02.774-[DESKTOP-44TL0F9][sys]-- WARN 9296 --- [      Thread-17] c.a.nacos.common.notify.NotifyCenter     : [NotifyCenter] Destruction of the end
21:56:02.783-[DESKTOP-44TL0F9][sys]-- WARN 9296 --- [       Thread-1] c.a.n.common.http.HttpClientBeanHolder   : [HttpClientBeanHolder] Destruction of the end
21:56:03.041-[DESKTOP-44TL0F9][sys]-- INFO 9296 --- [      Thread-11] com.xxl.job.core.server.EmbedServer      : >>>>>>>>>>> xxl-job remoting server stop.
21:56:03.053-[DESKTOP-44TL0F9][sys]-- INFO 9296 --- [rRegistryThread] c.x.j.c.thread.ExecutorRegistryThread    : >>>>>>>>>>> xxl-job registry-remove success, registryParam:RegistryParam{registryGroup='EXECUTOR', registryKey='company-service', registryValue='http://192.168.1.119:9999/'}, registryResult:ReturnT [code=200, msg=null, content=null]
21:56:03.053-[DESKTOP-44TL0F9][sys]-- INFO 9296 --- [rRegistryThread] c.x.j.c.thread.ExecutorRegistryThread    : >>>>>>>>>>> xxl-job, executor registry thread destory.
21:56:03.053-[DESKTOP-44TL0F9][sys]-- INFO 9296 --- [ionShutdownHook] com.xxl.job.core.server.EmbedServer      : >>>>>>>>>>> xxl-job remoting server destroy success.
21:56:03.053-[DESKTOP-44TL0F9][sys]-- INFO 9296 --- [FileCleanThread] c.x.j.core.thread.JobLogFileCleanThread  : >>>>>>>>>>> xxl-job, executor JobLogFileCleanThread thread destory.
21:56:03.054-[DESKTOP-44TL0F9][sys]-- INFO 9296 --- [rCallbackThread] c.x.j.core.thread.TriggerCallbackThread  : >>>>>>>>>>> xxl-job, executor callback thread destory.
21:56:03.054-[DESKTOP-44TL0F9][sys]-- INFO 9296 --- [      Thread-10] c.x.j.core.thread.TriggerCallbackThread  : >>>>>>>>>>> xxl-job, executor retry callback thread destory.
21:56:03.055-[DESKTOP-44TL0F9][sys]-- INFO 9296 --- [ionShutdownHook] c.a.c.n.registry.NacosServiceRegistry    : De-registering from Nacos Server now...
21:56:03.055-[DESKTOP-44TL0F9][sys]-- INFO 9296 --- [ionShutdownHook] com.alibaba.nacos.client.naming          : [BEAT] removing beat: DEFAULT_GROUP@@company-service:121.37.242.119:9093 from beat map.
21:56:03.056-[DESKTOP-44TL0F9][sys]-- INFO 9296 --- [ionShutdownHook] com.alibaba.nacos.client.naming          : [DEREGISTER-SERVICE] eaa454cf-2243-4e4f-8376-ac197696358a deregistering service DEFAULT_GROUP@@company-service with instance: Instance{instanceId='null', ip='121.37.242.119', port=9093, weight=1.0, healthy=true, enabled=true, ephemeral=true, clusterName='DEFAULT', serviceName='null', metadata={}}
21:56:03.065-[DESKTOP-44TL0F9][sys]-- INFO 9296 --- [ionShutdownHook] c.a.c.n.registry.NacosServiceRegistry    : De-registration finished.
21:56:03.065-[DESKTOP-44TL0F9][sys]-- INFO 9296 --- [ionShutdownHook] com.alibaba.nacos.client.naming          : com.alibaba.nacos.client.naming.beat.BeatReactor do shutdown begin
21:56:05.146-[DESKTOP-44TL0F9][sys]-- INFO 9296 --- [ionShutdownHook] com.alibaba.nacos.client.naming          : com.alibaba.nacos.client.naming.beat.BeatReactor do shutdown stop
21:56:05.147-[DESKTOP-44TL0F9][sys]-- INFO 9296 --- [ionShutdownHook] com.alibaba.nacos.client.naming          : com.alibaba.nacos.client.naming.core.HostReactor do shutdown begin
21:56:05.625-[DESKTOP-44TL0F9][sys]-- INFO 9296 --- [.naming.updater] com.alibaba.nacos.client.naming          : removed ips(1) service: DEFAULT_GROUP@@company-service@@DEFAULT -> [{"instanceId":"121.37.242.119#9093#DEFAULT#DEFAULT_GROUP@@company-service","ip":"121.37.242.119","port":9093,"weight":1.0,"healthy":true,"enabled":true,"ephemeral":true,"clusterName":"DEFAULT","serviceName":"DEFAULT_GROUP@@company-service","metadata":{"preserved.register.source":"SPRING_CLOUD"},"ipDeleteTimeout":30000,"instanceHeartBeatInterval":5000,"instanceHeartBeatTimeOut":15000}]
21:56:05.628-[DESKTOP-44TL0F9][sys]-- INFO 9296 --- [.naming.updater] com.alibaba.nacos.client.naming          : current ips:(0) service: DEFAULT_GROUP@@company-service@@DEFAULT -> []
21:56:05.630-[DESKTOP-44TL0F9][sys]-- INFO 9296 --- [ionShutdownHook] com.alibaba.nacos.client.naming          : com.alibaba.nacos.client.naming.core.PushReceiver do shutdown begin
21:56:08.670-[DESKTOP-44TL0F9][sys]-- INFO 9296 --- [ionShutdownHook] com.alibaba.nacos.client.naming          : com.alibaba.nacos.client.naming.core.PushReceiver do shutdown stop
21:56:08.671-[DESKTOP-44TL0F9][sys]-- INFO 9296 --- [ionShutdownHook] com.alibaba.nacos.client.naming          : com.alibaba.nacos.client.naming.backups.FailoverReactor do shutdown begin
21:56:08.671-[DESKTOP-44TL0F9][sys]-- INFO 9296 --- [ionShutdownHook] com.alibaba.nacos.client.naming          : com.alibaba.nacos.client.naming.backups.FailoverReactor do shutdown stop
21:56:08.673-[DESKTOP-44TL0F9][sys]-- INFO 9296 --- [ionShutdownHook] com.alibaba.nacos.client.naming          : com.alibaba.nacos.client.naming.core.HostReactor do shutdown stop
21:56:08.673-[DESKTOP-44TL0F9][sys]-- INFO 9296 --- [ionShutdownHook] com.alibaba.nacos.client.naming          : com.alibaba.nacos.client.naming.net.NamingProxy do shutdown begin
21:56:08.674-[DESKTOP-44TL0F9][sys]-- WARN 9296 --- [ionShutdownHook] com.alibaba.nacos.client.naming          : [NamingHttpClientManager] Start destroying NacosRestTemplate
21:56:08.674-[DESKTOP-44TL0F9][sys]-- WARN 9296 --- [ionShutdownHook] com.alibaba.nacos.client.naming          : [NamingHttpClientManager] Destruction of the end
21:56:08.675-[DESKTOP-44TL0F9][sys]-- INFO 9296 --- [ionShutdownHook] c.a.n.client.identify.CredentialWatcher  : [null] CredentialWatcher is stopped
21:56:08.675-[DESKTOP-44TL0F9][sys]-- INFO 9296 --- [ionShutdownHook] c.a.n.client.identify.CredentialService  : [null] CredentialService is freed
21:56:08.675-[DESKTOP-44TL0F9][sys]-- INFO 9296 --- [ionShutdownHook] com.alibaba.nacos.client.naming          : com.alibaba.nacos.client.naming.net.NamingProxy do shutdown stop
21:56:08.723-[DESKTOP-44TL0F9][sys]-- INFO 9296 --- [ionShutdownHook] com.zaxxer.hikari.HikariDataSource       : HikariPool-1 - Shutdown initiated...
21:56:18.742-[DESKTOP-44TL0F9][sys]-- INFO 9296 --- [ionShutdownHook] com.zaxxer.hikari.HikariDataSource       : HikariPool-1 - Shutdown completed.
