15:31:39.842-[DESKTOP-44TL0F9][sys]-- INFO 21280 --- [           main] com.zwnl.gateway.GatewayApplication      : The following 1 profile is active: "local"
15:31:40.605-[DESKTOP-44TL0F9][sys]-- INFO 21280 --- [           main] .s.d.r.c.RepositoryConfigurationDelegate : Multiple Spring Data modules found, entering strict repository configuration mode
15:31:40.612-[DESKTOP-44TL0F9][sys]-- INFO 21280 --- [           main] .s.d.r.c.RepositoryConfigurationDelegate : Bootstrapping Spring Data Redis repositories in DEFAULT mode.
15:31:40.644-[DESKTOP-44TL0F9][sys]-- INFO 21280 --- [           main] .s.d.r.c.RepositoryConfigurationDelegate : Finished Spring Data repository scanning in 12 ms. Found 0 Redis repository interfaces.
15:31:40.877-[DESKTOP-44TL0F9][sys]-- INFO 21280 --- [           main] o.s.cloud.context.scope.GenericScope     : BeanFactory id=33394d6d-2055-3061-ad9d-1f06c9ab811f
15:31:41.094-[DESKTOP-44TL0F9][sys]-- INFO 21280 --- [           main] trationDelegate$BeanPostProcessorChecker : Bean 'org.springframework.cloud.client.loadbalancer.reactive.LoadBalancerBeanPostProcessorAutoConfiguration' of type [org.springframework.cloud.client.loadbalancer.reactive.LoadBalancerBeanPostProcessorAutoConfiguration] is not eligible for getting processed by all BeanPostProcessors (for example: not eligible for auto-proxying)
15:31:41.096-[DESKTOP-44TL0F9][sys]-- INFO 21280 --- [           main] trationDelegate$BeanPostProcessorChecker : Bean 'org.springframework.cloud.client.loadbalancer.reactive.LoadBalancerBeanPostProcessorAutoConfiguration$ReactorDeferringLoadBalancerFilterConfig' of type [org.springframework.cloud.client.loadbalancer.reactive.LoadBalancerBeanPostProcessorAutoConfiguration$ReactorDeferringLoadBalancerFilterConfig] is not eligible for getting processed by all BeanPostProcessors (for example: not eligible for auto-proxying)
15:31:41.097-[DESKTOP-44TL0F9][sys]-- INFO 21280 --- [           main] trationDelegate$BeanPostProcessorChecker : Bean 'reactorDeferringLoadBalancerExchangeFilterFunction' of type [org.springframework.cloud.client.loadbalancer.reactive.DeferringLoadBalancerExchangeFilterFunction] is not eligible for getting processed by all BeanPostProcessors (for example: not eligible for auto-proxying)
15:31:42.631-[DESKTOP-44TL0F9][sys]-- INFO 21280 --- [           main] o.s.cloud.commons.util.InetUtils         : Cannot determine local hostname
15:31:42.646-[DESKTOP-44TL0F9][sys]-- INFO 21280 --- [hFetchJwkThread] c.z.a.gateway.util.JwtSignerHolder       : 尝试加载auth服务地址
15:31:42.649-[DESKTOP-44TL0F9][sys]-- INFO 21280 --- [hFetchJwkThread] com.alibaba.nacos.client.naming          : initializer namespace from System Property :null
15:31:42.649-[DESKTOP-44TL0F9][sys]-- INFO 21280 --- [hFetchJwkThread] com.alibaba.nacos.client.naming          : initializer namespace from System Environment :null
15:31:42.650-[DESKTOP-44TL0F9][sys]-- INFO 21280 --- [hFetchJwkThread] com.alibaba.nacos.client.naming          : initializer namespace from System Property :null
15:31:42.781-[DESKTOP-44TL0F9][sys]--ERROR 21280 --- [hFetchJwkThread] c.z.a.gateway.util.JwtSignerHolder       : 加载auth服务地址失败，原因：数据为空
15:31:45.256-[DESKTOP-44TL0F9][sys]-- INFO 21280 --- [           main] o.s.cloud.commons.util.InetUtils         : Cannot determine local hostname
15:31:45.274-[DESKTOP-44TL0F9][sys]-- INFO 21280 --- [           main] o.s.c.g.r.RouteDefinitionRouteLocator    : Loaded RoutePredicateFactory [After]
15:31:45.274-[DESKTOP-44TL0F9][sys]-- INFO 21280 --- [           main] o.s.c.g.r.RouteDefinitionRouteLocator    : Loaded RoutePredicateFactory [Before]
15:31:45.274-[DESKTOP-44TL0F9][sys]-- INFO 21280 --- [           main] o.s.c.g.r.RouteDefinitionRouteLocator    : Loaded RoutePredicateFactory [Between]
15:31:45.274-[DESKTOP-44TL0F9][sys]-- INFO 21280 --- [           main] o.s.c.g.r.RouteDefinitionRouteLocator    : Loaded RoutePredicateFactory [Cookie]
15:31:45.274-[DESKTOP-44TL0F9][sys]-- INFO 21280 --- [           main] o.s.c.g.r.RouteDefinitionRouteLocator    : Loaded RoutePredicateFactory [Header]
15:31:45.274-[DESKTOP-44TL0F9][sys]-- INFO 21280 --- [           main] o.s.c.g.r.RouteDefinitionRouteLocator    : Loaded RoutePredicateFactory [Host]
15:31:45.275-[DESKTOP-44TL0F9][sys]-- INFO 21280 --- [           main] o.s.c.g.r.RouteDefinitionRouteLocator    : Loaded RoutePredicateFactory [Method]
15:31:45.275-[DESKTOP-44TL0F9][sys]-- INFO 21280 --- [           main] o.s.c.g.r.RouteDefinitionRouteLocator    : Loaded RoutePredicateFactory [Path]
15:31:45.275-[DESKTOP-44TL0F9][sys]-- INFO 21280 --- [           main] o.s.c.g.r.RouteDefinitionRouteLocator    : Loaded RoutePredicateFactory [Query]
15:31:45.275-[DESKTOP-44TL0F9][sys]-- INFO 21280 --- [           main] o.s.c.g.r.RouteDefinitionRouteLocator    : Loaded RoutePredicateFactory [ReadBody]
15:31:45.276-[DESKTOP-44TL0F9][sys]-- INFO 21280 --- [           main] o.s.c.g.r.RouteDefinitionRouteLocator    : Loaded RoutePredicateFactory [RemoteAddr]
15:31:45.276-[DESKTOP-44TL0F9][sys]-- INFO 21280 --- [           main] o.s.c.g.r.RouteDefinitionRouteLocator    : Loaded RoutePredicateFactory [XForwardedRemoteAddr]
15:31:45.277-[DESKTOP-44TL0F9][sys]-- INFO 21280 --- [           main] o.s.c.g.r.RouteDefinitionRouteLocator    : Loaded RoutePredicateFactory [Weight]
15:31:45.277-[DESKTOP-44TL0F9][sys]-- INFO 21280 --- [           main] o.s.c.g.r.RouteDefinitionRouteLocator    : Loaded RoutePredicateFactory [CloudFoundryRouteService]
15:31:46.170-[DESKTOP-44TL0F9][sys]-- WARN 21280 --- [           main] iguration$LoadBalancerCaffeineWarnLogger : Spring Cloud LoadBalancer is currently working with the default cache. While this cache implementation is useful for development and tests, it's recommended to use Caffeine cache in production.You can switch to using Caffeine cache, by adding it and org.springframework.cache.caffeine.CaffeineCacheManager to the classpath.
15:31:46.513-[DESKTOP-44TL0F9][sys]-- INFO 21280 --- [           main] o.s.b.web.embedded.netty.NettyWebServer  : Netty started on port 10000
15:31:47.787-[DESKTOP-44TL0F9][sys]-- INFO 21280 --- [           main] o.s.cloud.commons.util.InetUtils         : Cannot determine local hostname
15:31:49.147-[DESKTOP-44TL0F9][sys]-- INFO 21280 --- [           main] o.s.cloud.commons.util.InetUtils         : Cannot determine local hostname
15:31:49.150-[DESKTOP-44TL0F9][sys]-- INFO 21280 --- [           main] com.alibaba.nacos.client.naming          : [BEAT] adding beat: BeatInfo{port=10000, ip='localhost', weight=1.0, serviceName='DEFAULT_GROUP@@gateway-service', cluster='DEFAULT', metadata={preserved.register.source=SPRING_CLOUD}, scheduled=false, period=5000, stopped=false} to beat map.
15:31:49.151-[DESKTOP-44TL0F9][sys]-- INFO 21280 --- [           main] com.alibaba.nacos.client.naming          : [REGISTER-SERVICE] a0d35c99-931b-4959-b25c-65d69043123c registering service DEFAULT_GROUP@@gateway-service with instance: Instance{instanceId='null', ip='localhost', port=10000, weight=1.0, healthy=true, enabled=true, ephemeral=true, clusterName='DEFAULT', serviceName='null', metadata={preserved.register.source=SPRING_CLOUD}}
15:31:49.163-[DESKTOP-44TL0F9][sys]-- INFO 21280 --- [           main] c.a.c.n.registry.NacosServiceRegistry    : nacos registry, DEFAULT_GROUP gateway-service localhost:10000 register finished
15:31:49.191-[DESKTOP-44TL0F9][sys]-- INFO 21280 --- [oundedElastic-2] com.alibaba.nacos.client.naming          : new ips(1) service: DEFAULT_GROUP@@gateway-service -> [{"instanceId":"localhost#10000#DEFAULT#DEFAULT_GROUP@@gateway-service","ip":"localhost","port":10000,"weight":1.0,"healthy":true,"enabled":true,"ephemeral":true,"clusterName":"DEFAULT","serviceName":"DEFAULT_GROUP@@gateway-service","metadata":{"preserved.register.source":"SPRING_CLOUD"},"ipDeleteTimeout":30000,"instanceHeartBeatInterval":5000,"instanceHeartBeatTimeOut":15000}]
15:31:49.196-[DESKTOP-44TL0F9][sys]-- INFO 21280 --- [oundedElastic-2] com.alibaba.nacos.client.naming          : current ips:(1) service: DEFAULT_GROUP@@gateway-service -> [{"instanceId":"localhost#10000#DEFAULT#DEFAULT_GROUP@@gateway-service","ip":"localhost","port":10000,"weight":1.0,"healthy":true,"enabled":true,"ephemeral":true,"clusterName":"DEFAULT","serviceName":"DEFAULT_GROUP@@gateway-service","metadata":{"preserved.register.source":"SPRING_CLOUD"},"ipDeleteTimeout":30000,"instanceHeartBeatInterval":5000,"instanceHeartBeatTimeOut":15000}]
15:31:49.271-[DESKTOP-44TL0F9][sys]-- INFO 21280 --- [           main] com.zwnl.gateway.GatewayApplication      : Started GatewayApplication in 13.378 seconds (JVM running for 14.394)
15:31:49.275-[DESKTOP-44TL0F9][sys]-- INFO 21280 --- [           main] c.a.n.client.config.impl.ClientWorker    : [fixed-121.37.242.119_8848] [subscribe] gateway-service+DEFAULT_GROUP
15:31:49.276-[DESKTOP-44TL0F9][sys]-- INFO 21280 --- [           main] c.a.nacos.client.config.impl.CacheData   : [fixed-121.37.242.119_8848] [add-listener] ok, tenant=, dataId=gateway-service, group=DEFAULT_GROUP, cnt=1
15:31:49.276-[DESKTOP-44TL0F9][sys]-- INFO 21280 --- [           main] c.a.c.n.refresh.NacosContextRefresher    : listening config: dataId=gateway-service, group=DEFAULT_GROUP
15:31:49.276-[DESKTOP-44TL0F9][sys]-- INFO 21280 --- [           main] c.a.n.client.config.impl.ClientWorker    : [fixed-121.37.242.119_8848] [subscribe] gateway-service.yaml+DEFAULT_GROUP
15:31:49.276-[DESKTOP-44TL0F9][sys]-- INFO 21280 --- [           main] c.a.nacos.client.config.impl.CacheData   : [fixed-121.37.242.119_8848] [add-listener] ok, tenant=, dataId=gateway-service.yaml, group=DEFAULT_GROUP, cnt=1
15:31:49.276-[DESKTOP-44TL0F9][sys]-- INFO 21280 --- [           main] c.a.c.n.refresh.NacosContextRefresher    : listening config: dataId=gateway-service.yaml, group=DEFAULT_GROUP
15:31:49.277-[DESKTOP-44TL0F9][sys]-- INFO 21280 --- [           main] c.a.n.client.config.impl.ClientWorker    : [fixed-121.37.242.119_8848] [subscribe] gateway-service-local.yaml+DEFAULT_GROUP
15:31:49.277-[DESKTOP-44TL0F9][sys]-- INFO 21280 --- [           main] c.a.nacos.client.config.impl.CacheData   : [fixed-121.37.242.119_8848] [add-listener] ok, tenant=, dataId=gateway-service-local.yaml, group=DEFAULT_GROUP, cnt=1
15:31:49.277-[DESKTOP-44TL0F9][sys]-- INFO 21280 --- [           main] c.a.c.n.refresh.NacosContextRefresher    : listening config: dataId=gateway-service-local.yaml, group=DEFAULT_GROUP
15:31:49.279-[DESKTOP-44TL0F9][sys]-- INFO 21280 --- [           main] com.zwnl.gateway.GatewayApplication      : --/
---------------------------------------------------------------------------------------
	Application 'gateway-service' is running! Access URLs:
	Local: 		http://localhost:10000
	External: 	http://192.168.1.139:10000
	Profile(s): 	[local]
---------------------------------------------------------------------------------------
15:31:49.327-[DESKTOP-44TL0F9][sys]-- INFO 21280 --- [.naming.updater] com.alibaba.nacos.client.naming          : new ips(1) service: DEFAULT_GROUP@@gateway-service@@DEFAULT -> [{"instanceId":"localhost#10000#DEFAULT#DEFAULT_GROUP@@gateway-service","ip":"localhost","port":10000,"weight":1.0,"healthy":true,"enabled":true,"ephemeral":true,"clusterName":"DEFAULT","serviceName":"DEFAULT_GROUP@@gateway-service","metadata":{"preserved.register.source":"SPRING_CLOUD"},"ipDeleteTimeout":30000,"instanceHeartBeatInterval":5000,"instanceHeartBeatTimeOut":15000}]
15:31:49.327-[DESKTOP-44TL0F9][sys]-- INFO 21280 --- [.naming.updater] com.alibaba.nacos.client.naming          : current ips:(1) service: DEFAULT_GROUP@@gateway-service@@DEFAULT -> [{"instanceId":"localhost#10000#DEFAULT#DEFAULT_GROUP@@gateway-service","ip":"localhost","port":10000,"weight":1.0,"healthy":true,"enabled":true,"ephemeral":true,"clusterName":"DEFAULT","serviceName":"DEFAULT_GROUP@@gateway-service","metadata":{"preserved.register.source":"SPRING_CLOUD"},"ipDeleteTimeout":30000,"instanceHeartBeatInterval":5000,"instanceHeartBeatTimeOut":15000}]
15:31:52.797-[DESKTOP-44TL0F9][sys]-- INFO 21280 --- [hFetchJwkThread] c.z.a.gateway.util.JwtSignerHolder       : 尝试加载auth服务地址
15:31:52.798-[DESKTOP-44TL0F9][sys]--ERROR 21280 --- [hFetchJwkThread] c.z.a.gateway.util.JwtSignerHolder       : 加载auth服务地址失败，原因：数据为空
15:32:02.813-[DESKTOP-44TL0F9][sys]-- INFO 21280 --- [hFetchJwkThread] c.z.a.gateway.util.JwtSignerHolder       : 尝试加载auth服务地址
15:32:02.816-[DESKTOP-44TL0F9][sys]--ERROR 21280 --- [hFetchJwkThread] c.z.a.gateway.util.JwtSignerHolder       : 加载auth服务地址失败，原因：数据为空
15:32:12.824-[DESKTOP-44TL0F9][sys]-- INFO 21280 --- [hFetchJwkThread] c.z.a.gateway.util.JwtSignerHolder       : 尝试加载auth服务地址
15:32:12.824-[DESKTOP-44TL0F9][sys]--ERROR 21280 --- [hFetchJwkThread] c.z.a.gateway.util.JwtSignerHolder       : 加载auth服务地址失败，原因：数据为空
15:32:13.877-[DESKTOP-44TL0F9][sys]-- INFO 21280 --- [.naming.updater] com.alibaba.nacos.client.naming          : new ips(1) service: DEFAULT_GROUP@@auth-service -> [{"instanceId":"localhost#9096#DEFAULT#DEFAULT_GROUP@@auth-service","ip":"localhost","port":9096,"weight":1.0,"healthy":true,"enabled":true,"ephemeral":true,"clusterName":"DEFAULT","serviceName":"DEFAULT_GROUP@@auth-service","metadata":{"preserved.register.source":"SPRING_CLOUD"},"ipDeleteTimeout":30000,"instanceHeartBeatInterval":5000,"instanceHeartBeatTimeOut":15000}]
15:32:13.878-[DESKTOP-44TL0F9][sys]-- INFO 21280 --- [.naming.updater] com.alibaba.nacos.client.naming          : current ips:(1) service: DEFAULT_GROUP@@auth-service -> [{"instanceId":"localhost#9096#DEFAULT#DEFAULT_GROUP@@auth-service","ip":"localhost","port":9096,"weight":1.0,"healthy":true,"enabled":true,"ephemeral":true,"clusterName":"DEFAULT","serviceName":"DEFAULT_GROUP@@auth-service","metadata":{"preserved.register.source":"SPRING_CLOUD"},"ipDeleteTimeout":30000,"instanceHeartBeatInterval":5000,"instanceHeartBeatTimeOut":15000}]
15:32:16.496-[DESKTOP-44TL0F9][sys]-- INFO 21280 --- [oundedElastic-3] com.alibaba.nacos.client.naming          : new ips(1) service: DEFAULT_GROUP@@user-service -> [{"instanceId":"localhost#9091#DEFAULT#DEFAULT_GROUP@@user-service","ip":"localhost","port":9091,"weight":1.0,"healthy":true,"enabled":true,"ephemeral":true,"clusterName":"DEFAULT","serviceName":"DEFAULT_GROUP@@user-service","metadata":{"preserved.register.source":"SPRING_CLOUD"},"ipDeleteTimeout":30000,"instanceHeartBeatInterval":5000,"instanceHeartBeatTimeOut":15000}]
15:32:16.500-[DESKTOP-44TL0F9][sys]-- INFO 21280 --- [oundedElastic-3] com.alibaba.nacos.client.naming          : current ips:(1) service: DEFAULT_GROUP@@user-service -> [{"instanceId":"localhost#9091#DEFAULT#DEFAULT_GROUP@@user-service","ip":"localhost","port":9091,"weight":1.0,"healthy":true,"enabled":true,"ephemeral":true,"clusterName":"DEFAULT","serviceName":"DEFAULT_GROUP@@user-service","metadata":{"preserved.register.source":"SPRING_CLOUD"},"ipDeleteTimeout":30000,"instanceHeartBeatInterval":5000,"instanceHeartBeatTimeOut":15000}]
15:32:22.833-[DESKTOP-44TL0F9][sys]-- INFO 21280 --- [hFetchJwkThread] c.z.a.gateway.util.JwtSignerHolder       : 尝试加载auth服务地址
15:32:22.834-[DESKTOP-44TL0F9][sys]-- INFO 21280 --- [hFetchJwkThread] c.z.a.gateway.util.JwtSignerHolder       : 加载auth服务地址成功，http://localhost:9096/jwks
15:32:22.834-[DESKTOP-44TL0F9][sys]-- INFO 21280 --- [hFetchJwkThread] c.z.a.gateway.util.JwtSignerHolder       : 尝试加载jwk秘钥
15:32:23.343-[DESKTOP-44TL0F9][sys]-- INFO 21280 --- [hFetchJwkThread] c.z.a.gateway.util.JwtSignerHolder       : 加载jwk秘钥成功！
15:32:23.344-[DESKTOP-44TL0F9][sys]--DEBUG 21280 --- [hFetchJwkThread] c.z.a.gateway.util.JwtSignerHolder       : 销毁加载秘钥线程 AuthFetchJwkThread
15:33:18.938-[DESKTOP-44TL0F9][sys]-- WARN 21280 --- [      Thread-12] c.a.nacos.common.notify.NotifyCenter     : [NotifyCenter] Start destroying Publisher
15:33:18.938-[DESKTOP-44TL0F9][sys]-- WARN 21280 --- [       Thread-1] c.a.n.common.http.HttpClientBeanHolder   : [HttpClientBeanHolder] Start destroying common HttpClient
15:33:18.938-[DESKTOP-44TL0F9][sys]-- WARN 21280 --- [      Thread-12] c.a.nacos.common.notify.NotifyCenter     : [NotifyCenter] Destruction of the end
15:33:18.940-[DESKTOP-44TL0F9][sys]-- WARN 21280 --- [       Thread-1] c.a.n.common.http.HttpClientBeanHolder   : [HttpClientBeanHolder] Destruction of the end
15:33:18.947-[DESKTOP-44TL0F9][sys]-- INFO 21280 --- [ionShutdownHook] c.a.c.n.registry.NacosServiceRegistry    : De-registering from Nacos Server now...
15:33:18.948-[DESKTOP-44TL0F9][sys]-- INFO 21280 --- [ionShutdownHook] com.alibaba.nacos.client.naming          : [BEAT] removing beat: DEFAULT_GROUP@@gateway-service:localhost:10000 from beat map.
15:33:18.948-[DESKTOP-44TL0F9][sys]-- INFO 21280 --- [ionShutdownHook] com.alibaba.nacos.client.naming          : [DEREGISTER-SERVICE] a0d35c99-931b-4959-b25c-65d69043123c deregistering service DEFAULT_GROUP@@gateway-service with instance: Instance{instanceId='null', ip='localhost', port=10000, weight=1.0, healthy=true, enabled=true, ephemeral=true, clusterName='DEFAULT', serviceName='null', metadata={}}
15:33:18.957-[DESKTOP-44TL0F9][sys]-- INFO 21280 --- [ionShutdownHook] c.a.c.n.registry.NacosServiceRegistry    : De-registration finished.
15:33:18.957-[DESKTOP-44TL0F9][sys]-- INFO 21280 --- [ionShutdownHook] com.alibaba.nacos.client.naming          : com.alibaba.nacos.client.naming.beat.BeatReactor do shutdown begin
15:33:19.495-[DESKTOP-44TL0F9][sys]-- INFO 21280 --- [ionShutdownHook] com.alibaba.nacos.client.naming          : com.alibaba.nacos.client.naming.beat.BeatReactor do shutdown stop
15:33:19.495-[DESKTOP-44TL0F9][sys]-- INFO 21280 --- [ionShutdownHook] com.alibaba.nacos.client.naming          : com.alibaba.nacos.client.naming.core.HostReactor do shutdown begin
