10:27:31.997-[DESKTOP-44TL0F9][sys]-- INFO 12928 --- [           main] com.zwnl.company.es.TestEsDocument       : The following 1 profile is active: "local"
10:27:33.105-[DESKTOP-44TL0F9][sys]-- INFO 12928 --- [           main] .s.d.r.c.RepositoryConfigurationDelegate : Multiple Spring Data modules found, entering strict repository configuration mode
10:27:33.109-[DESKTOP-44TL0F9][sys]-- INFO 12928 --- [           main] .s.d.r.c.RepositoryConfigurationDelegate : Bootstrapping Spring Data Redis repositories in DEFAULT mode.
10:27:33.138-[DESKTOP-44TL0F9][sys]-- INFO 12928 --- [           main] .s.d.r.c.RepositoryConfigurationDelegate : Finished Spring Data repository scanning in 10 ms. Found 0 Redis repository interfaces.
10:27:33.448-[DESKTOP-44TL0F9][sys]-- INFO 12928 --- [           main] o.s.cloud.context.scope.GenericScope     : BeanFactory id=f2e66a8a-7e04-3f8d-bfaf-035c84807e9f
10:27:38.627-[DESKTOP-44TL0F9][sys]-- WARN 12928 --- [           main] iguration$LoadBalancerCaffeineWarnLogger : Spring Cloud LoadBalancer is currently working with the default cache. While this cache implementation is useful for development and tests, it's recommended to use Caffeine cache in production.You can switch to using Caffeine cache, by adding it and org.springframework.cache.caffeine.CaffeineCacheManager to the classpath.
10:27:38.720-[DESKTOP-44TL0F9][sys]-- INFO 12928 --- [           main] com.alibaba.nacos.client.naming          : initializer namespace from System Property :null
10:27:38.720-[DESKTOP-44TL0F9][sys]-- INFO 12928 --- [           main] com.alibaba.nacos.client.naming          : initializer namespace from System Environment :null
10:27:38.721-[DESKTOP-44TL0F9][sys]-- INFO 12928 --- [           main] com.alibaba.nacos.client.naming          : initializer namespace from System Property :null
10:27:39.298-[DESKTOP-44TL0F9][sys]-- INFO 12928 --- [           main] com.zwnl.company.es.TestEsDocument       : Started TestEsDocument in 9.123 seconds (JVM running for 10.748)
10:27:39.303-[DESKTOP-44TL0F9][sys]-- INFO 12928 --- [           main] c.a.n.client.config.impl.ClientWorker    : [fixed-121.37.194.170_8848] [subscribe] company-service+DEFAULT_GROUP
10:27:39.304-[DESKTOP-44TL0F9][sys]-- INFO 12928 --- [           main] c.a.nacos.client.config.impl.CacheData   : [fixed-121.37.194.170_8848] [add-listener] ok, tenant=, dataId=company-service, group=DEFAULT_GROUP, cnt=1
10:27:39.304-[DESKTOP-44TL0F9][sys]-- INFO 12928 --- [           main] c.a.c.n.refresh.NacosContextRefresher    : listening config: dataId=company-service, group=DEFAULT_GROUP
10:27:39.305-[DESKTOP-44TL0F9][sys]-- INFO 12928 --- [           main] c.a.n.client.config.impl.ClientWorker    : [fixed-121.37.194.170_8848] [subscribe] company-service.yaml+DEFAULT_GROUP
10:27:39.305-[DESKTOP-44TL0F9][sys]-- INFO 12928 --- [           main] c.a.nacos.client.config.impl.CacheData   : [fixed-121.37.194.170_8848] [add-listener] ok, tenant=, dataId=company-service.yaml, group=DEFAULT_GROUP, cnt=1
10:27:39.305-[DESKTOP-44TL0F9][sys]-- INFO 12928 --- [           main] c.a.c.n.refresh.NacosContextRefresher    : listening config: dataId=company-service.yaml, group=DEFAULT_GROUP
10:27:39.305-[DESKTOP-44TL0F9][sys]-- INFO 12928 --- [           main] c.a.n.client.config.impl.ClientWorker    : [fixed-121.37.194.170_8848] [subscribe] company-service-local.yaml+DEFAULT_GROUP
10:27:39.305-[DESKTOP-44TL0F9][sys]-- INFO 12928 --- [           main] c.a.nacos.client.config.impl.CacheData   : [fixed-121.37.194.170_8848] [add-listener] ok, tenant=, dataId=company-service-local.yaml, group=DEFAULT_GROUP, cnt=1
10:27:39.305-[DESKTOP-44TL0F9][sys]-- INFO 12928 --- [           main] c.a.c.n.refresh.NacosContextRefresher    : listening config: dataId=company-service-local.yaml, group=DEFAULT_GROUP
10:27:40.087-[DESKTOP-44TL0F9][sys]-- WARN 12928 --- [      Thread-12] c.a.nacos.common.notify.NotifyCenter     : [NotifyCenter] Start destroying Publisher
10:27:40.087-[DESKTOP-44TL0F9][sys]-- WARN 12928 --- [       Thread-1] c.a.n.common.http.HttpClientBeanHolder   : [HttpClientBeanHolder] Start destroying common HttpClient
10:27:40.087-[DESKTOP-44TL0F9][sys]-- WARN 12928 --- [      Thread-12] c.a.nacos.common.notify.NotifyCenter     : [NotifyCenter] Destruction of the end
10:27:40.088-[DESKTOP-44TL0F9][sys]-- WARN 12928 --- [       Thread-1] c.a.n.common.http.HttpClientBeanHolder   : [HttpClientBeanHolder] Destruction of the end
10:27:40.116-[DESKTOP-44TL0F9][sys]-- INFO 12928 --- [ionShutdownHook] com.alibaba.nacos.client.naming          : com.alibaba.nacos.client.naming.beat.BeatReactor do shutdown begin
10:27:40.117-[DESKTOP-44TL0F9][sys]-- INFO 12928 --- [ionShutdownHook] com.alibaba.nacos.client.naming          : com.alibaba.nacos.client.naming.beat.BeatReactor do shutdown stop
10:27:40.117-[DESKTOP-44TL0F9][sys]-- INFO 12928 --- [ionShutdownHook] com.alibaba.nacos.client.naming          : com.alibaba.nacos.client.naming.core.HostReactor do shutdown begin
10:27:42.067-[DESKTOP-44TL0F9][sys]-- INFO 12928 --- [ionShutdownHook] com.alibaba.nacos.client.naming          : com.alibaba.nacos.client.naming.core.PushReceiver do shutdown begin
10:27:45.102-[DESKTOP-44TL0F9][sys]-- INFO 12928 --- [ionShutdownHook] com.alibaba.nacos.client.naming          : com.alibaba.nacos.client.naming.core.PushReceiver do shutdown stop
10:27:45.102-[DESKTOP-44TL0F9][sys]-- INFO 12928 --- [ionShutdownHook] com.alibaba.nacos.client.naming          : com.alibaba.nacos.client.naming.backups.FailoverReactor do shutdown begin
10:27:48.133-[DESKTOP-44TL0F9][sys]-- INFO 12928 --- [ionShutdownHook] com.alibaba.nacos.client.naming          : com.alibaba.nacos.client.naming.backups.FailoverReactor do shutdown stop
10:27:48.133-[DESKTOP-44TL0F9][sys]-- INFO 12928 --- [ionShutdownHook] com.alibaba.nacos.client.naming          : com.alibaba.nacos.client.naming.core.HostReactor do shutdown stop
10:27:48.133-[DESKTOP-44TL0F9][sys]-- INFO 12928 --- [ionShutdownHook] com.alibaba.nacos.client.naming          : com.alibaba.nacos.client.naming.net.NamingProxy do shutdown begin
10:27:48.134-[DESKTOP-44TL0F9][sys]-- WARN 12928 --- [ionShutdownHook] com.alibaba.nacos.client.naming          : [NamingHttpClientManager] Start destroying NacosRestTemplate
10:27:48.134-[DESKTOP-44TL0F9][sys]-- WARN 12928 --- [ionShutdownHook] com.alibaba.nacos.client.naming          : [NamingHttpClientManager] Destruction of the end
10:27:48.134-[DESKTOP-44TL0F9][sys]-- INFO 12928 --- [ionShutdownHook] c.a.n.client.identify.CredentialWatcher  : [null] CredentialWatcher is stopped
10:27:48.134-[DESKTOP-44TL0F9][sys]-- INFO 12928 --- [ionShutdownHook] c.a.n.client.identify.CredentialService  : [null] CredentialService is freed
10:27:48.134-[DESKTOP-44TL0F9][sys]-- INFO 12928 --- [ionShutdownHook] com.alibaba.nacos.client.naming          : com.alibaba.nacos.client.naming.net.NamingProxy do shutdown stop
10:28:18.691-[DESKTOP-44TL0F9][sys]-- INFO 13912 --- [           main] com.zwnl.company.es.TestEsDocument       : The following 1 profile is active: "local"
10:28:19.629-[DESKTOP-44TL0F9][sys]-- INFO 13912 --- [           main] .s.d.r.c.RepositoryConfigurationDelegate : Multiple Spring Data modules found, entering strict repository configuration mode
10:28:19.632-[DESKTOP-44TL0F9][sys]-- INFO 13912 --- [           main] .s.d.r.c.RepositoryConfigurationDelegate : Bootstrapping Spring Data Redis repositories in DEFAULT mode.
10:28:19.660-[DESKTOP-44TL0F9][sys]-- INFO 13912 --- [           main] .s.d.r.c.RepositoryConfigurationDelegate : Finished Spring Data repository scanning in 12 ms. Found 0 Redis repository interfaces.
10:28:19.987-[DESKTOP-44TL0F9][sys]-- INFO 13912 --- [           main] o.s.cloud.context.scope.GenericScope     : BeanFactory id=f2e66a8a-7e04-3f8d-bfaf-035c84807e9f
10:28:24.421-[DESKTOP-44TL0F9][sys]-- WARN 13912 --- [           main] iguration$LoadBalancerCaffeineWarnLogger : Spring Cloud LoadBalancer is currently working with the default cache. While this cache implementation is useful for development and tests, it's recommended to use Caffeine cache in production.You can switch to using Caffeine cache, by adding it and org.springframework.cache.caffeine.CaffeineCacheManager to the classpath.
10:28:24.518-[DESKTOP-44TL0F9][sys]-- INFO 13912 --- [           main] com.alibaba.nacos.client.naming          : initializer namespace from System Property :null
10:28:24.518-[DESKTOP-44TL0F9][sys]-- INFO 13912 --- [           main] com.alibaba.nacos.client.naming          : initializer namespace from System Environment :null
10:28:24.519-[DESKTOP-44TL0F9][sys]-- INFO 13912 --- [           main] com.alibaba.nacos.client.naming          : initializer namespace from System Property :null
10:28:24.963-[DESKTOP-44TL0F9][sys]-- INFO 13912 --- [           main] com.zwnl.company.es.TestEsDocument       : Started TestEsDocument in 8.004 seconds (JVM running for 9.326)
10:28:24.968-[DESKTOP-44TL0F9][sys]-- INFO 13912 --- [           main] c.a.n.client.config.impl.ClientWorker    : [fixed-121.37.194.170_8848] [subscribe] company-service+DEFAULT_GROUP
10:28:24.969-[DESKTOP-44TL0F9][sys]-- INFO 13912 --- [           main] c.a.nacos.client.config.impl.CacheData   : [fixed-121.37.194.170_8848] [add-listener] ok, tenant=, dataId=company-service, group=DEFAULT_GROUP, cnt=1
10:28:24.969-[DESKTOP-44TL0F9][sys]-- INFO 13912 --- [           main] c.a.c.n.refresh.NacosContextRefresher    : listening config: dataId=company-service, group=DEFAULT_GROUP
10:28:24.970-[DESKTOP-44TL0F9][sys]-- INFO 13912 --- [           main] c.a.n.client.config.impl.ClientWorker    : [fixed-121.37.194.170_8848] [subscribe] company-service.yaml+DEFAULT_GROUP
10:28:24.970-[DESKTOP-44TL0F9][sys]-- INFO 13912 --- [           main] c.a.nacos.client.config.impl.CacheData   : [fixed-121.37.194.170_8848] [add-listener] ok, tenant=, dataId=company-service.yaml, group=DEFAULT_GROUP, cnt=1
10:28:24.970-[DESKTOP-44TL0F9][sys]-- INFO 13912 --- [           main] c.a.c.n.refresh.NacosContextRefresher    : listening config: dataId=company-service.yaml, group=DEFAULT_GROUP
10:28:24.970-[DESKTOP-44TL0F9][sys]-- INFO 13912 --- [           main] c.a.n.client.config.impl.ClientWorker    : [fixed-121.37.194.170_8848] [subscribe] company-service-local.yaml+DEFAULT_GROUP
10:28:24.971-[DESKTOP-44TL0F9][sys]-- INFO 13912 --- [           main] c.a.nacos.client.config.impl.CacheData   : [fixed-121.37.194.170_8848] [add-listener] ok, tenant=, dataId=company-service-local.yaml, group=DEFAULT_GROUP, cnt=1
10:28:24.971-[DESKTOP-44TL0F9][sys]-- INFO 13912 --- [           main] c.a.c.n.refresh.NacosContextRefresher    : listening config: dataId=company-service-local.yaml, group=DEFAULT_GROUP
10:28:25.602-[DESKTOP-44TL0F9][sys]-- WARN 13912 --- [      Thread-12] c.a.nacos.common.notify.NotifyCenter     : [NotifyCenter] Start destroying Publisher
10:28:25.603-[DESKTOP-44TL0F9][sys]-- WARN 13912 --- [      Thread-12] c.a.nacos.common.notify.NotifyCenter     : [NotifyCenter] Destruction of the end
10:28:25.603-[DESKTOP-44TL0F9][sys]-- WARN 13912 --- [       Thread-1] c.a.n.common.http.HttpClientBeanHolder   : [HttpClientBeanHolder] Start destroying common HttpClient
10:28:25.604-[DESKTOP-44TL0F9][sys]-- WARN 13912 --- [       Thread-1] c.a.n.common.http.HttpClientBeanHolder   : [HttpClientBeanHolder] Destruction of the end
10:28:25.630-[DESKTOP-44TL0F9][sys]-- INFO 13912 --- [ionShutdownHook] com.alibaba.nacos.client.naming          : com.alibaba.nacos.client.naming.beat.BeatReactor do shutdown begin
10:28:25.630-[DESKTOP-44TL0F9][sys]-- INFO 13912 --- [ionShutdownHook] com.alibaba.nacos.client.naming          : com.alibaba.nacos.client.naming.beat.BeatReactor do shutdown stop
10:28:25.631-[DESKTOP-44TL0F9][sys]-- INFO 13912 --- [ionShutdownHook] com.alibaba.nacos.client.naming          : com.alibaba.nacos.client.naming.core.HostReactor do shutdown begin
10:28:25.698-[DESKTOP-44TL0F9][sys]-- INFO 13912 --- [ionShutdownHook] com.alibaba.nacos.client.naming          : com.alibaba.nacos.client.naming.core.PushReceiver do shutdown begin
10:28:28.722-[DESKTOP-44TL0F9][sys]-- INFO 13912 --- [ionShutdownHook] com.alibaba.nacos.client.naming          : com.alibaba.nacos.client.naming.core.PushReceiver do shutdown stop
10:28:28.722-[DESKTOP-44TL0F9][sys]-- INFO 13912 --- [ionShutdownHook] com.alibaba.nacos.client.naming          : com.alibaba.nacos.client.naming.backups.FailoverReactor do shutdown begin
10:28:31.756-[DESKTOP-44TL0F9][sys]-- INFO 13912 --- [ionShutdownHook] com.alibaba.nacos.client.naming          : com.alibaba.nacos.client.naming.backups.FailoverReactor do shutdown stop
10:28:31.756-[DESKTOP-44TL0F9][sys]-- INFO 13912 --- [ionShutdownHook] com.alibaba.nacos.client.naming          : com.alibaba.nacos.client.naming.core.HostReactor do shutdown stop
10:28:31.757-[DESKTOP-44TL0F9][sys]-- INFO 13912 --- [ionShutdownHook] com.alibaba.nacos.client.naming          : com.alibaba.nacos.client.naming.net.NamingProxy do shutdown begin
10:28:31.757-[DESKTOP-44TL0F9][sys]-- WARN 13912 --- [ionShutdownHook] com.alibaba.nacos.client.naming          : [NamingHttpClientManager] Start destroying NacosRestTemplate
10:28:31.757-[DESKTOP-44TL0F9][sys]-- WARN 13912 --- [ionShutdownHook] com.alibaba.nacos.client.naming          : [NamingHttpClientManager] Destruction of the end
10:28:31.757-[DESKTOP-44TL0F9][sys]-- INFO 13912 --- [ionShutdownHook] c.a.n.client.identify.CredentialWatcher  : [null] CredentialWatcher is stopped
10:28:31.757-[DESKTOP-44TL0F9][sys]-- INFO 13912 --- [ionShutdownHook] c.a.n.client.identify.CredentialService  : [null] CredentialService is freed
10:28:31.757-[DESKTOP-44TL0F9][sys]-- INFO 13912 --- [ionShutdownHook] com.alibaba.nacos.client.naming          : com.alibaba.nacos.client.naming.net.NamingProxy do shutdown stop
